#
# A fatal error has been detected by the Java Runtime Environment:
#
#  EXCEPTION_ACCESS_VIOLATION (0xc0000005) at pc=0x000001be80030fa4, pid=129284, tid=130596
#
# JRE version: OpenJDK Runtime Environment Temurin-21.0.6+7 (21.0.6+7) (build 21.0.6+7-LTS)
# Java VM: OpenJDK 64-Bit Server VM Temurin-21.0.6+7 (21.0.6+7-LTS, mixed mode, emulated-client, sharing, tiered, compressed oops, compressed class ptrs, g1 gc, windows-amd64)
# Problematic frame:
# v  ~BufferBlob::MethodHandles adapters 0x000001be80030fa4
#
# No core dump will be written. Minidumps are not enabled by default on client versions of Windows
#
# If you would like to submit a bug report, please visit:
#   https://github.com/adoptium/adoptium-support/issues
#

---------------  S U M M A R Y ------------

Command Line: -XX:+ShowCodeDetailsInExceptionMessages -agentlib:jdwp=transport=dt_socket,suspend=y,address=localhost:51763 -Dcom.sun.management.jmxremote -Dcom.sun.management.jmxremote.port=51762 -Dcom.sun.management.jmxremote.authenticate=false -Dcom.sun.management.jmxremote.ssl=false -Djava.rmi.server.hostname=localhost -Dspring.jmx.enabled=true -Dmanagement.endpoints.jmx.exposure.include=* -Dspring.application.admin.enabled=true -Dspring.output.ansi.enabled=always -XX:TieredStopAtLevel=1 -Dspring.boot.project.name=back-end -javaagent:C:\h\Dev_util\sts-4.28.1.RELEASE\configuration\org.eclipse.osgi\275\0\.cp\lib\javaagent-shaded.jar -Dfile.encoding=UTF-8 -Dstdout.encoding=UTF-8 -Dstderr.encoding=UTF-8 com.toy.backend.BackEndApplication

Host: 12th Gen Intel(R) Core(TM) i7-12700, 20 cores, 31G,  Windows 11 , 64 bit Build 26100 (10.0.26100.3323)
Time: Fri Mar 14 16:43:33 2025  Windows 11 , 64 bit Build 26100 (10.0.26100.3323) elapsed time: 2725.746069 seconds (0d 0h 45m 25s)

---------------  T H R E A D  ---------------

Current thread (0x000001bed6392ba0):  JavaThread "http-nio-8080-exec-1" daemon [_thread_in_Java, id=130596, stack(0x00000092b2300000,0x00000092b2400000) (1024K)]

Stack: [0x00000092b2300000,0x00000092b2400000],  sp=0x00000092b23fa728,  free space=1001k
Native frames: (J=compiled Java code, j=interpreted, Vv=VM code, C=native code)
C  0x000001be80030fa4

The last pc belongs to _linkToVirtual (printed below).

siginfo: EXCEPTION_ACCESS_VIOLATION (0xc0000005), reading address 0x000001c568cc1c5b


Registers:
RAX=0x000001be8000958b, RBX=0x00000006091747d0, RCX=0x00000092b23fa738, RDX=0x0000000000000003
RSP=0x00000092b23fa728, RBP=0x00000092b23fa780, RSI=0x000001bed4d5a7b8, RDI=0x000001bed55e2fc0
R8 =0x0000000000000004, R9 =0x0000000000000004, R10=0x000001bf5fb4c273, R11=0x00000000c122eb05
R12=0x0000000000000000, R13=0x00000092b23fa728, R14=0x00000092b23fa7a8, R15=0x000001bed6392ba0
RIP=0x000001be80030fa4, EFLAGS=0x0000000000010202

XMM[0]=0x0000000000000000 0x0000000000000000
XMM[1]=0x0000000000000000 0x0000000000000000
XMM[2]=0x0000000000000000 0x0000000000000000
XMM[3]=0x0000000000000000 0x0000000000000000
XMM[4]=0x0000000000000000 0x0000000000000000
XMM[5]=0x0000000000000000 0x0000000000000000
XMM[6]=0x0000000000000000 0x0000000000000000
XMM[7]=0x0000000000000000 0x0000000000000000
XMM[8]=0x0000000000000000 0x0000000000000000
XMM[9]=0x0000000000000000 0x0000000000000000
XMM[10]=0x0000000000000000 0x0000000000000000
XMM[11]=0x0000000000000000 0x0000000000000000
XMM[12]=0x0000000000000000 0x0000000000000000
XMM[13]=0x0000000000000000 0x0000000000000000
XMM[14]=0x0000000000000000 0x0000000000000000
XMM[15]=0x0000000000000000 0x0000000000000000
  MXCSR=0x00001fa0


Register to memory mapping:

RAX=0x000001be8000958b is at code_begin+4363 in an Interpreter codelet
return entry points  [0x000001be80008480, 0x000001be8000a298]  7704 bytes
RBX=0x00000006091747d0 is an oop: com.toy.backend.domain.Boards 
{0x00000006091747d0} - klass: 'com/toy/backend/domain/Boards'
 - ---- fields (total size 7 words):
 - private 'no' 'Ljava/lang/Long;' @12  null (0x00000000)
 - private 'id' 'Ljava/lang/String;' @16  "1146fd84-8a44-4fdd-bd15-317fa08bdd5d"{0x0000000609175828} (0xc122eb05)
 - private 'title' 'Ljava/lang/String;' @20  null (0x00000000)
 - private 'writer' 'Ljava/lang/String;' @24  null (0x00000000)
 - private 'content' 'Ljava/lang/String;' @28  null (0x00000000)
 - private 'createdAt' 'Ljava/util/Date;' @32  null (0x00000000)
 - private 'updatedAt' 'Ljava/util/Date;' @36  null (0x00000000)
 - private 'mainFile' 'Lorg/springframework/web/multipart/MultipartFile;' @40  null (0x00000000)
 - private 'files' 'Ljava/util/List;' @44  null (0x00000000)
 - 'file' 'Lcom/toy/backend/domain/Files;' @48  null (0x00000000)
RCX=0x00000092b23fa738 is pointing into the stack for thread: 0x000001bed6392ba0
RDX=0x0000000000000003 is an unknown value
RSP=0x00000092b23fa728 is pointing into the stack for thread: 0x000001bed6392ba0
RBP=0x00000092b23fa780 is pointing into the stack for thread: 0x000001bed6392ba0
RSI=0x000001bed4d5a7b8 points into unknown readable memory: 0x8c000600bc687dfe | fe 7d 68 bc 00 06 00 8c
RDI=0x000001bed55e2fc0 points into unknown readable memory: 0x0000002000000070 | 70 00 00 00 20 00 00 00
R8 =0x0000000000000004 is an unknown value
R9 =0x0000000000000004 is an unknown value
R10=0x000001bf5fb4c273 is an unknown value
R11=3240291077 is a compressed pointer to object: java.lang.String 
{0x0000000609175828} - klass: 'java/lang/String'
 - string: "1146fd84-8a44-4fdd-bd15-317fa08bdd5d"
 - ---- fields (total size 3 words):
 - private 'hash' 'I' @12  0 (0x00000000)
 - private final 'coder' 'B' @16  0 (0x00)
 - private 'hashIsZero' 'Z' @17  false (0x00)
 - injected 'flags' 'B' @18  0 (0x00)
 - private final 'value' '[B' @20  [B{0x00000006091757f0} (0xc122eafe)
R12=0x0 is null
R13=0x00000092b23fa728 is pointing into the stack for thread: 0x000001bed6392ba0
R14=0x00000092b23fa7a8 is pointing into the stack for thread: 0x000001bed6392ba0
R15=0x000001bed6392ba0 is a thread

Top of Stack: (sp=0x00000092b23fa728)
0x00000092b23fa728:   000001be8000958b 0000000606f46118
0x00000092b23fa738:   00000092b23fa738 000001bed0b4c273
0x00000092b23fa748:   0000000000000005 000001bed0b4c3c0
0x00000092b23fa758:   00000006048d4c68 0000000604006078
0x00000092b23fa768:   000001bed0b4c280 00000092b23fa728
0x00000092b23fa778:   00000092b23fa7b0 00000092b23faae8
0x00000092b23fa788:   000001be801d8f37 0000000609185558
0x00000092b23fa798:   00000006091747d0 0000000606f46118
0x00000092b23fa7a8:   0000000609185700 0000000604c00988
0x00000092b23fa7b8:   000001be802e6a1e 0000000000000037
0x00000092b23fa7c8:   0000000604c00988 0000000609185a10
0x00000092b23fa7d8:   0000000606f46118 00000006091859c0
0x00000092b23fa7e8:   00000006091747d0 00000006091747d0
0x00000092b23fa7f8:   00000006091858c8 0000000609185700
0x00000092b23fa808:   0000000606f46118 000001be801d8e54
0x00000092b23fa818:   0000000000000000 00000092b23faae8
0x00000092b23fa828:   000001be80b4a2aa 0000000600000000
0x00000092b23fa838:   0000000606d68b10 0000000604c00988
0x00000092b23fa848:   0000000609185a40 0000000609185a10
0x00000092b23fa858:   000001be00000001 0000000604c00988
0x00000092b23fa868:   000000060488f678 0000000606cf6638
0x00000092b23fa878:   00000006091833a8 00000092b23faae8
0x00000092b23fa888:   000001be8043dadc 0000000600000020
0x00000092b23fa898:   0000000604c01190 00000092b23faae8
0x00000092b23fa8a8:   000001be80d144f4 0000000000000000
0x00000092b23fa8b8:   0000000000000000 0000000000000000
0x00000092b23fa8c8:   0000000000000000 0000000000000000
0x00000092b23fa8d8:   0000000000000000 0000000609185a40
0x00000092b23fa8e8:   00000006091738f8 0000000606f46118
0x00000092b23fa8f8:   000001be8030cc00 0000000606d68b10
0x00000092b23fa908:   00000006039774c8 0000000606d68b10
0x00000092b23fa918:   0000000600000000 0000000000000000 

Instructions: (pc=0x000001be80030fa4)
0x000001be80030ea4:   be 01 00 00 00 0f 03 80 be 01 00 00 80 1f 03 80
0x000001be80030eb4:   be 01 00 00 f0 0e 03 80 be 01 00 00 f0 0e 03 80
0x000001be80030ec4:   be 01 00 00 00 00 00 00 00 00 00 00 38 87 41 8e
0x000001be80030ed4:   fb 7f 00 00 f0 10 00 00 60 00 00 00 ff ff ff ff
0x000001be80030ee4:   f0 10 00 00 00 00 00 00 00 00 00 00 00 00 00 00
0x000001be80030ef4:   00 00 00 00 00 00 00 00 00 00 00 00 f4 66 66 66
0x000001be80030f04:   0f 1f 84 00 00 00 00 00 66 66 66 90 66 66 66 0f
0x000001be80030f14:   1f 84 00 00 00 00 00 66 66 66 90 90 48 8b 53 08
0x000001be80030f24:   0f b7 52 2e 48 8b 0c d4 8b 59 14 48 c1 e3 03 8b
0x000001be80030f34:   5b 28 48 c1 e3 03 8b 5b 24 48 c1 e3 03 48 8b 5b
0x000001be80030f44:   10 48 85 db 0f 84 10 00 00 00 41 80 bf d8 05 00
0x000001be80030f54:   00 00 74 03 ff 63 38 ff 63 50 e9 9d 16 00 00 66
0x000001be80030f64:   66 66 0f 1f 84 00 00 00 00 00 66 66 66 90 66 66
0x000001be80030f74:   0f 1f 84 00 00 00 00 00 66 66 66 90 48 8b 53 08
0x000001be80030f84:   0f b7 52 2e 48 8b 0c d4 58 5b 50 44 8b 51 08 49
0x000001be80030f94:   bb 00 00 00 8f be 01 00 00 4d 03 d3 4c 8b 5b 10
0x000001be80030fa4:   4b 8b 9c da c0 01 00 00 48 85 db 0f 84 10 00 00
0x000001be80030fb4:   00 41 80 bf d8 05 00 00 00 74 03 ff 63 38 ff 63
0x000001be80030fc4:   50 e9 36 16 00 00 66 66 66 0f 1f 84 00 00 00 00
0x000001be80030fd4:   00 66 66 66 90 0f 1f 80 00 00 00 00 58 5b 50 8b
0x000001be80030fe4:   5b 24 48 c1 e3 03 48 8b 5b 10 48 85 db 0f 84 10
0x000001be80030ff4:   00 00 00 41 80 bf d8 05 00 00 00 74 03 ff 63 38
0x000001be80031004:   ff 63 50 e9 f4 15 00 00 66 66 66 0f 1f 84 00 00
0x000001be80031014:   00 00 00 66 66 66 90 0f 1f 44 00 00 48 8b 53 08
0x000001be80031024:   0f b7 52 2e 48 8b 0c d4 58 5b 50 48 3b 01 8b 5b
0x000001be80031034:   24 48 c1 e3 03 48 8b 5b 10 48 85 db 0f 84 10 00
0x000001be80031044:   00 00 41 80 bf d8 05 00 00 00 74 03 ff 63 38 ff
0x000001be80031054:   63 50 e9 a5 15 00 00 0f 1f 44 00 00 48 8b 53 08
0x000001be80031064:   0f b7 52 2e 48 8b 0c d4 58 5b 50 44 8b 51 08 49
0x000001be80031074:   bb 00 00 00 8f be 01 00 00 4d 03 d3 8b 43 18 48
0x000001be80031084:   c1 e0 03 48 8b 40 10 48 8b 5b 10 45 8b 9a a0 00
0x000001be80031094:   00 00 4f 8d 9c da c0 01 00 00 4d 8d 14 da 49 8b 


Stack slot to memory mapping:

stack at sp + 0 slots: 0x000001be8000958b is at code_begin+4363 in an Interpreter codelet
return entry points  [0x000001be80008480, 0x000001be8000a298]  7704 bytes
stack at sp + 1 slots: 0x0000000606f46118 is an oop: com.toy.backend.controller.BoardController 
{0x0000000606f46118} - klass: 'com/toy/backend/controller/BoardController'
 - ---- fields (total size 3 words):
 - 'boardService' 'Lcom/toy/backend/service/BoardService;' @12  a 'com/toy/backend/service/BoardServiceImpl$$SpringCGLIB$$0'{0x0000000606f10470} (0xc0de208e)
 - 'fileService' 'Lcom/toy/backend/service/FileService;' @16  a 'com/toy/backend/service/FileServiceImpl'{0x0000000606d83fb0} (0xc0db07f6)
stack at sp + 2 slots: 0x00000092b23fa738 is pointing into the stack for thread: 0x000001bed6392ba0
stack at sp + 3 slots: 0x000001bed0b4c273 is pointing into metadata
stack at sp + 4 slots: 0x0000000000000005 is an unknown value
stack at sp + 5 slots: 0x000001bed0b4c3c0 is pointing into metadata
stack at sp + 6 slots: 0x00000006048d4c68 is an oop: java.lang.Class 
{0x00000006048d4c68} - klass: 'java/lang/Class'
 - ---- fields (total size 14 words):
 - private volatile transient 'classRedefinedCount' 'I' @12  0 (0x00000000)
 - injected 'klass' 'J' @16  1917976596872 (0x000001be90505188)
 - injected 'array_klass' 'J' @24  0 (0x0000000000000000)
 - injected 'oop_size' 'I' @32  14 (0x0000000e)
 - injected 'static_oop_field_count' 'I' @36  0 (0x00000000)
 - private volatile transient 'cachedConstructor' 'Ljava/lang/reflect/Constructor;' @40  null (0x00000000)
 - private transient 'name' 'Ljava/lang/String;' @44  "org.springframework.http.ResponseEntity"{0x00000006048d4cd8} (0xc091a99b)
 - private transient 'module' 'Ljava/lang/Module;' @48  a 'java/lang/Module'{0x0000000603963c90} (0xc072c792)
 - private final 'classLoader' 'Ljava/lang/ClassLoader;' @52  a 'jdk/internal/loader/ClassLoaders$AppClassLoader'{0x0000000603963aa0} (0xc072c754)
 - private transient 'classData' 'Ljava/lang/Object;' @56  null (0x00000000)
 - private transient 'packageName' 'Ljava/lang/String;' @60  "org.springframework.http"{0x000000060408d250} (0xc0811a4a)
 - private final 'componentType' 'Ljava/lang/Class;' @64  null (0x00000000)
 - private volatile transient 'reflectionData' 'Ljava/lang/ref/SoftReference;' @68  null (0x00000000)
 - private volatile transient 'genericInfo' 'Lsun/reflect/generics/repository/ClassRepository;' @72  a 'sun/reflect/generics/repository/ClassRepository'{0x0000000604a623f0} (0xc094c47e)
 - private volatile transient 'enumConstants' '[Ljava/lang/Object;' @76  null (0x00000000)
 - private volatile transient 'enumConstantDirectory' 'Ljava/util/Map;' @80  null (0x00000000)
 - private volatile transient 'annotationData' 'Ljava/lang/Class$AnnotationData;' @84  null (0x00000000)
 - private volatile transient 'annotationType' 'Lsun/reflect/annotation/AnnotationType;' @88  null (0x00000000)
 - transient 'classValueMap' 'Ljava/lang/ClassValue$ClassValueMap;' @92  null (0x00000000)
 - injected 'protection_domain' 'Ljava/lang/Object;' @96  a 'java/security/ProtectionDomain'{0x000000060409ea58} (0xc0813d4b)
 - injected 'signers_name' 'Ljava/lang/Object;' @100  null (0x00000000)
 - injected 'source_file' 'Ljava/lang/Object;' @104  null (0x00000000)
 - injected '<init_lock>' 'Ljava/lang/Object;' @108  null (0x00000000)
 - signature: Lorg/springframework/http/ResponseEntity;
 - ---- static fields (0):
stack at sp + 7 slots: 0x0000000604006078 is an oop: java.lang.Class 
{0x0000000604006078} - klass: 'java/lang/Class'
 - ---- fields (total size 15 words):
 - private volatile transient 'classRedefinedCount' 'I' @12  0 (0x00000000)
 - injected 'klass' 'J' @16  1917973135360 (0x000001be901b8000)
 - injected 'array_klass' 'J' @24  0 (0x0000000000000000)
 - injected 'oop_size' 'I' @32  15 (0x0000000f)
 - injected 'static_oop_field_count' 'I' @36  1 (0x00000001)
 - private volatile transient 'cachedConstructor' 'Ljava/lang/reflect/Constructor;' @40  null (0x00000000)
 - private transient 'name' 'Ljava/lang/String;' @44  null (0x00000000)
 - private transient 'module' 'Ljava/lang/Module;' @48  a 'java/lang/Module'{0x0000000603977540} (0xc072eea8)
 - private final 'classLoader' 'Ljava/lang/ClassLoader;' @52  null (0x00000000)
 - private transient 'classData' 'Ljava/lang/Object;' @56  a 'java/lang/invoke/LambdaForm'{0x000000060406d9c8} => a 'java/lang/invoke/MemberName'{0x000000060406daf8} = {method} {0x000001bed0b4c288} 'invokeVirtual' '(Ljava/lang/Object;Ljava/lang/Object;Ljava/lang/Object;)Ljava/lang/Object;' in 'java/lang/invoke/LambdaForm$DMH+0x000001be901b8000' (0xc080db39)
 - private transient 'packageName' 'Ljava/lang/String;' @60  null (0x00000000)
 - private final 'componentType' 'Ljava/lang/Class;' @64  null (0x00000000)
 - private volatile transient 'reflectionData' 'Ljava/lang/ref/SoftReference;' @68  null (0x00000000)
 - private volatile transient 'genericInfo' 'Lsun/reflect/generics/repository/ClassRepository;' @72  null (0x00000000)
 - private volatile transient 'enumConstants' '[Ljava/lang/Object;' @76  null (0x00000000)
 - private volatile transient 'enumConstantDirectory' 'Ljava/util/Map;' @80  null (0x00000000)
 - private volatile transient 'annotationData' 'Ljava/lang/Class$AnnotationData;' @84  null (0x00000000)
 - private volatile transient 'annotationType' 'Lsun/reflect/annotation/AnnotationType;' @88  null (0x00000000)
 - transient 'classValueMap' 'Ljava/lang/ClassValue$ClassValueMap;' @92  null (0x00000000)
 - injected 'protection_domain' 'Ljava/lang/Object;' @96  null (0x00000000)
 - injected 'signers_name' 'Ljava/lang/Object;' @100  null (0x00000000)
 - injected 'source_file' 'Ljava/lang/Object;' @104  null (0x00000000)
 - injected '<init_lock>' 'Ljava/lang/Object;' @108  null (0x00000000)
 - signature: Ljava/lang/invoke/LambdaForm$DMH+0x000001be901b8000;
 - ---- static fields (1):
 - static final '_D_0' 'Ljava/lang/invoke/LambdaForm;' @112  a 'java/lang/invoke/LambdaForm'{0x000000060406d9c8} => a 'java/lang/invoke/MemberName'{0x000000060406daf8} = {method} {0x000001bed0b4c288} 'invokeVirtual' '(Ljava/lang/Object;Ljava/lang/Object;Ljava/lang/Object;)Ljava/lang/Object;' in 'java/lang/invoke/LambdaForm$DMH+0x000001be901b8000' (0xc080db39)

MethodHandle::interpreter_entry::_linkToVirtual [0x000001be80030f63, 0x000001be80030fca] (103 bytes)
[MachCode]
  0x000001be80030f63: 6666 660f | 1f84 0000 | 0000 0066 | 6666 9066 | 660f 1f84 | 0000 0000 | 0066 6666 | 9048 8b53 
  0x000001be80030f83: 080f b752 | 2e48 8b0c | d458 5b50 | 448b 5108 | 49bb 0000 | 008f be01 | 0000 4d03 | d34c 8b5b 
  0x000001be80030fa3: 104b 8b9c | dac0 0100 | 0048 85db | 0f84 1000 | 0000 4180 | bfd8 0500 | 0000 7403 | ff63 38ff 
  0x000001be80030fc3: 6350 e936 | 
[/MachCode]

---------------  P R O C E S S  ---------------

Threads class SMR info:
_java_thread_list=0x000001bed661ea60, length=39, elements={
0x000001be8e1ba690, 0x000001be8e1bb0e0, 0x000001be8e1bfc50, 0x000001be8e1c0a00,
0x000001be8e1ca470, 0x000001be8e1cb4d0, 0x000001be8e1d1430, 0x000001be8e271330,
0x000001be8e344070, 0x000001be8e361950, 0x000001be8e361fd0, 0x000001bed42972b0,
0x000001bed4467df0, 0x000001bed446f160, 0x000001bed45047f0, 0x000001bed4995500,
0x000001bed49d26e0, 0x000001bed49d47b0, 0x000001bed6393230, 0x000001bed49d4e40,
0x000001bed6392510, 0x000001bed6390ad0, 0x000001bed638f090, 0x000001bed6391160,
0x000001bed6392ba0, 0x000001bed638f720, 0x000001bed6390440, 0x000001bed638fdb0,
0x000001bed63945e0, 0x000001bed63917f0, 0x000001bed6395990, 0x000001bed6395300,
0x000001bed63938c0, 0x000001bed6396020, 0x000001bed63966b0, 0x000001bed6393f50,
0x000001bed6394c70, 0x000001bed6391e80, 0x000001bed49d3a90
}

Java Threads: ( => current thread )
  0x000001be8e1ba690 JavaThread "Reference Handler"          daemon [_thread_blocked, id=129724, stack(0x00000092af900000,0x00000092afa00000) (1024K)]
  0x000001be8e1bb0e0 JavaThread "Finalizer"                  daemon [_thread_blocked, id=124528, stack(0x00000092afa00000,0x00000092afb00000) (1024K)]
  0x000001be8e1bfc50 JavaThread "Signal Dispatcher"          daemon [_thread_blocked, id=129748, stack(0x00000092afb00000,0x00000092afc00000) (1024K)]
  0x000001be8e1c0a00 JavaThread "Attach Listener"            daemon [_thread_blocked, id=113216, stack(0x00000092afc00000,0x00000092afd00000) (1024K)]
  0x000001be8e1ca470 JavaThread "Service Thread"             daemon [_thread_blocked, id=129580, stack(0x00000092afd00000,0x00000092afe00000) (1024K)]
  0x000001be8e1cb4d0 JavaThread "Monitor Deflation Thread"   daemon [_thread_blocked, id=129932, stack(0x00000092afe00000,0x00000092aff00000) (1024K)]
  0x000001be8e1d1430 JavaThread "C1 CompilerThread0"         daemon [_thread_blocked, id=129780, stack(0x00000092aff00000,0x00000092b0000000) (1024K)]
  0x000001be8e271330 JavaThread "Common-Cleaner"             daemon [_thread_blocked, id=124572, stack(0x00000092b0000000,0x00000092b0100000) (1024K)]
  0x000001be8e344070 JavaThread "JDWP Transport Listener: dt_socket" daemon [_thread_blocked, id=129340, stack(0x00000092b0300000,0x00000092b0400000) (1024K)]
  0x000001be8e361950 JavaThread "JDWP Event Helper Thread"   daemon [_thread_blocked, id=128040, stack(0x00000092b0400000,0x00000092b0500000) (1024K)]
  0x000001be8e361fd0 JavaThread "JDWP Command Reader"        daemon [_thread_in_native, id=127244, stack(0x00000092b0500000,0x00000092b0600000) (1024K)]
  0x000001bed42972b0 JavaThread "Notification Thread"        daemon [_thread_blocked, id=120360, stack(0x00000092b0600000,0x00000092b0700000) (1024K)]
  0x000001bed4467df0 JavaThread "RMI TCP Accept-0"           daemon [_thread_in_native, id=128564, stack(0x00000092b0800000,0x00000092b0900000) (1024K)]
  0x000001bed446f160 JavaThread "RMI TCP Accept-51762"       daemon [_thread_in_native, id=127420, stack(0x00000092b0900000,0x00000092b0a00000) (1024K)]
  0x000001bed45047f0 JavaThread "RMI TCP Accept-0"           daemon [_thread_in_native, id=114960, stack(0x00000092b1500000,0x00000092b1600000) (1024K)]
  0x000001bed4995500 JavaThread "RMI Scheduler(0)"           daemon [_thread_blocked, id=127156, stack(0x00000092b1a00000,0x00000092b1b00000) (1024K)]
  0x000001bed49d26e0 JavaThread "JMX server connection timeout 54" daemon [_thread_blocked, id=129676, stack(0x00000092b1c00000,0x00000092b1d00000) (1024K)]
  0x000001bed49d47b0 JavaThread "Live Reload Server"         daemon [_thread_in_native, id=124060, stack(0x00000092b2700000,0x00000092b2800000) (1024K)]
  0x000001bed6393230 JavaThread "DestroyJavaVM"                     [_thread_blocked, id=126028, stack(0x00000092af100000,0x00000092af200000) (1024K)]
  0x000001bed49d4e40 JavaThread "RMI TCP Connection(idle)"   daemon [_thread_blocked, id=130724, stack(0x00000092aee00000,0x00000092aef00000) (1024K)]
  0x000001bed6392510 JavaThread "Catalina-utility-1"                [_thread_blocked, id=132080, stack(0x00000092b0200000,0x00000092b0300000) (1024K)]
  0x000001bed6390ad0 JavaThread "Catalina-utility-2"                [_thread_blocked, id=97840, stack(0x00000092b0700000,0x00000092b0800000) (1024K)]
  0x000001bed638f090 JavaThread "container-0"                       [_thread_blocked, id=126864, stack(0x00000092b1800000,0x00000092b1900000) (1024K)]
  0x000001bed6391160 JavaThread "File Watcher"               daemon [_thread_blocked, id=133216, stack(0x00000092b1d00000,0x00000092b1e00000) (1024K)]
=>0x000001bed6392ba0 JavaThread "http-nio-8080-exec-1"       daemon [_thread_in_Java, id=130596, stack(0x00000092b2300000,0x00000092b2400000) (1024K)]
  0x000001bed638f720 JavaThread "http-nio-8080-exec-2"       daemon [_thread_blocked, id=132376, stack(0x00000092b2400000,0x00000092b2500000) (1024K)]
  0x000001bed6390440 JavaThread "http-nio-8080-exec-3"       daemon [_thread_blocked, id=125052, stack(0x00000092b2500000,0x00000092b2600000) (1024K)]
  0x000001bed638fdb0 JavaThread "http-nio-8080-exec-4"       daemon [_thread_blocked, id=127512, stack(0x00000092b2600000,0x00000092b2700000) (1024K)]
  0x000001bed63945e0 JavaThread "http-nio-8080-exec-5"       daemon [_thread_blocked, id=10072, stack(0x00000092b2800000,0x00000092b2900000) (1024K)]
  0x000001bed63917f0 JavaThread "http-nio-8080-exec-6"       daemon [_thread_blocked, id=134208, stack(0x00000092b2900000,0x00000092b2a00000) (1024K)]
  0x000001bed6395990 JavaThread "http-nio-8080-exec-7"       daemon [_thread_blocked, id=134420, stack(0x00000092b2a00000,0x00000092b2b00000) (1024K)]
  0x000001bed6395300 JavaThread "http-nio-8080-exec-8"       daemon [_thread_blocked, id=134552, stack(0x00000092b2b00000,0x00000092b2c00000) (1024K)]
  0x000001bed63938c0 JavaThread "http-nio-8080-exec-9"       daemon [_thread_blocked, id=124448, stack(0x00000092b2c00000,0x00000092b2d00000) (1024K)]
  0x000001bed6396020 JavaThread "http-nio-8080-exec-10"      daemon [_thread_blocked, id=133880, stack(0x00000092b2d00000,0x00000092b2e00000) (1024K)]
  0x000001bed63966b0 JavaThread "http-nio-8080-Poller"       daemon [_thread_in_native, id=132152, stack(0x00000092b2f00000,0x00000092b3000000) (1024K)]
  0x000001bed6393f50 JavaThread "http-nio-8080-Acceptor"     daemon [_thread_in_native, id=117048, stack(0x00000092b3000000,0x00000092b3100000) (1024K)]
  0x000001bed6394c70 JavaThread "RMI TCP Connection(69)-127.0.0.1" daemon [_thread_in_native, id=131120, stack(0x00000092b3100000,0x00000092b3200000) (1024K)]
  0x000001bed6391e80 JavaThread "RMI TCP Connection(70)-127.0.0.1" daemon [_thread_in_native, id=98760, stack(0x00000092aef00000,0x00000092af000000) (1024K)]
  0x000001bed49d3a90 JavaThread "RMI TCP Connection(71)-127.0.0.1" daemon [_thread_in_native, id=134488, stack(0x00000092af000000,0x00000092af100000) (1024K)]
Total: 39

Other Threads:
  0x000001be8b105650 VMThread "VM Thread"                           [id=124016, stack(0x00000092af800000,0x00000092af900000) (1024K)]
  0x000001be8e1b09d0 WatcherThread "VM Periodic Task Thread"        [id=124860, stack(0x00000092af700000,0x00000092af800000) (1024K)]
  0x000001be8af60a00 WorkerThread "GC Thread#0"                     [id=124360, stack(0x00000092af200000,0x00000092af300000) (1024K)]
  0x000001bed44729c0 WorkerThread "GC Thread#1"                     [id=127008, stack(0x00000092b0a00000,0x00000092b0b00000) (1024K)]
  0x000001bed448a340 WorkerThread "GC Thread#2"                     [id=128560, stack(0x00000092b0b00000,0x00000092b0c00000) (1024K)]
  0x000001bed448a6e0 WorkerThread "GC Thread#3"                     [id=129240, stack(0x00000092b0c00000,0x00000092b0d00000) (1024K)]
  0x000001bed448aa80 WorkerThread "GC Thread#4"                     [id=129344, stack(0x00000092b0d00000,0x00000092b0e00000) (1024K)]
  0x000001bed4492e30 WorkerThread "GC Thread#5"                     [id=128060, stack(0x00000092b0e00000,0x00000092b0f00000) (1024K)]
  0x000001bed44931d0 WorkerThread "GC Thread#6"                     [id=127624, stack(0x00000092b0f00000,0x00000092b1000000) (1024K)]
  0x000001bed4493980 WorkerThread "GC Thread#7"                     [id=70756, stack(0x00000092b1000000,0x00000092b1100000) (1024K)]
  0x000001bed4493d20 WorkerThread "GC Thread#8"                     [id=129820, stack(0x00000092b1100000,0x00000092b1200000) (1024K)]
  0x000001bed4494110 WorkerThread "GC Thread#9"                     [id=129812, stack(0x00000092b1200000,0x00000092b1300000) (1024K)]
  0x000001bed44944b0 WorkerThread "GC Thread#10"                    [id=130012, stack(0x00000092b1300000,0x00000092b1400000) (1024K)]
  0x000001bed4495330 WorkerThread "GC Thread#11"                    [id=126744, stack(0x00000092b1400000,0x00000092b1500000) (1024K)]
  0x000001bed4494850 WorkerThread "GC Thread#12"                    [id=129692, stack(0x00000092b1600000,0x00000092b1700000) (1024K)]
  0x000001bed44956d0 WorkerThread "GC Thread#13"                    [id=128700, stack(0x00000092b1e00000,0x00000092b1f00000) (1024K)]
  0x000001bed4494f90 WorkerThread "GC Thread#14"                    [id=129316, stack(0x00000092b1f00000,0x00000092b2000000) (1024K)]
  0x000001bef9cf9a40 ConcurrentGCThread "G1 Main Marker"            [id=118184, stack(0x00000092af300000,0x00000092af400000) (1024K)]
  0x000001be8afa2010 WorkerThread "G1 Conc#0"                       [id=128072, stack(0x00000092af400000,0x00000092af500000) (1024K)]
  0x000001bed4495a70 WorkerThread "G1 Conc#1"                       [id=120936, stack(0x00000092b2000000,0x00000092b2100000) (1024K)]
  0x000001bed4d90000 WorkerThread "G1 Conc#2"                       [id=128480, stack(0x00000092b2100000,0x00000092b2200000) (1024K)]
  0x000001bed4d903a0 WorkerThread "G1 Conc#3"                       [id=71612, stack(0x00000092b2200000,0x00000092b2300000) (1024K)]
  0x000001be8b0363e0 ConcurrentGCThread "G1 Refine#0"               [id=127944, stack(0x00000092af500000,0x00000092af600000) (1024K)]
  0x000001be8b037d10 ConcurrentGCThread "G1 Service"                [id=127984, stack(0x00000092af600000,0x00000092af700000) (1024K)]
Total: 24

Threads with active compile tasks:
Total: 0

VM state: not at safepoint (normal execution)

VM Mutex/Monitor currently owned by a thread: None

Heap address: 0x0000000603800000, size: 8136 MB, Compressed Oops mode: Zero based, Oop shift amount: 3

CDS archive(s) mapped at: [0x000001be8f000000-0x000001be8fc80000-0x000001be8fc80000), size 13107200, SharedBaseAddress: 0x000001be8f000000, ArchiveRelocationMode: 1.
Compressed class space mapped at: 0x000001be90000000-0x000001bed0000000, reserved size: 1073741824
Narrow klass base: 0x000001be8f000000, Narrow klass shift: 0, Narrow klass range: 0x100000000

GC Precious Log:
 CardTable entry size: 512
 Card Set container configuration: InlinePtr #cards 4 size 8 Array Of Cards #cards 32 size 80 Howl #buckets 8 coarsen threshold 7372 Howl Bitmap #cards 1024 size 144 coarsen threshold 921 Card regions per heap region 1 cards per card region 8192
 CPUs: 20 total, 20 available
 Memory: 32535M
 Large Page Support: Disabled
 NUMA Support: Disabled
 Compressed Oops: Enabled (Zero based)
 Heap Region Size: 4M
 Heap Min Capacity: 8M
 Heap Initial Capacity: 512M
 Heap Max Capacity: 8136M
 Pre-touch: Disabled
 Parallel Workers: 15
 Concurrent Workers: 4
 Concurrent Refinement Workers: 15
 Periodic GC: Disabled

Heap:
 garbage-first heap   total 110592K, used 44644K [0x0000000603800000, 0x0000000800000000)
  region size 4096K, 6 young (24576K), 1 survivors (4096K)
 Metaspace       used 53774K, committed 54592K, reserved 1114112K
  class space    used 6916K, committed 7296K, reserved 1048576K

Heap Regions: E=young(eden), S=young(survivor), O=old, HS=humongous(starts), HC=humongous(continues), CS=collection set, F=free, TAMS=top-at-mark-start, PB=parsable bottom
|   0|0x0000000603800000, 0x0000000603bfffe8, 0x0000000603c00000| 99%| O|  |TAMS 0x0000000603800000| PB 0x0000000603800000| Untracked 
|   1|0x0000000603c00000, 0x0000000604000000, 0x0000000604000000|100%| O|  |TAMS 0x0000000603c00000| PB 0x0000000603c00000| Untracked 
|   2|0x0000000604000000, 0x0000000604400000, 0x0000000604400000|100%| O|  |TAMS 0x0000000604000000| PB 0x0000000604000000| Untracked 
|   3|0x0000000604400000, 0x00000006044b6488, 0x0000000604800000| 17%| O|  |TAMS 0x0000000604400000| PB 0x0000000604400000| Untracked 
|   4|0x0000000604800000, 0x0000000604ba7770, 0x0000000604c00000| 91%| O|  |TAMS 0x0000000604800000| PB 0x0000000604800000| Untracked 
|   5|0x0000000604c00000, 0x0000000605000000, 0x0000000605000000|100%| O|  |TAMS 0x0000000604c00000| PB 0x0000000604c00000| Untracked 
|   6|0x0000000605000000, 0x0000000605004580, 0x0000000605400000|  0%| O|  |TAMS 0x0000000605000000| PB 0x0000000605000000| Untracked 
|   7|0x0000000605400000, 0x000000060554cac8, 0x0000000605800000| 32%| O|  |TAMS 0x0000000605400000| PB 0x0000000605400000| Untracked 
|   8|0x0000000605800000, 0x000000060593a148, 0x0000000605c00000| 30%| O|  |TAMS 0x0000000605800000| PB 0x0000000605800000| Untracked 
|   9|0x0000000605c00000, 0x0000000605c00000, 0x0000000606000000|  0%| F|  |TAMS 0x0000000605c00000| PB 0x0000000605c00000| Untracked 
|  10|0x0000000606000000, 0x0000000606000000, 0x0000000606400000|  0%| F|  |TAMS 0x0000000606000000| PB 0x0000000606000000| Untracked 
|  11|0x0000000606400000, 0x000000060655ab00, 0x0000000606800000| 33%| O|  |TAMS 0x0000000606400000| PB 0x0000000606400000| Untracked 
|  12|0x0000000606800000, 0x0000000606800000, 0x0000000606c00000|  0%| F|  |TAMS 0x0000000606800000| PB 0x0000000606800000| Untracked 
|  13|0x0000000606c00000, 0x0000000606f55ae8, 0x0000000607000000| 83%| S|CS|TAMS 0x0000000606c00000| PB 0x0000000606c00000| Complete 
|  14|0x0000000607000000, 0x0000000607000000, 0x0000000607400000|  0%| F|  |TAMS 0x0000000607000000| PB 0x0000000607000000| Untracked 
|  15|0x0000000607400000, 0x0000000607400000, 0x0000000607800000|  0%| F|  |TAMS 0x0000000607400000| PB 0x0000000607400000| Untracked 
|  16|0x0000000607800000, 0x0000000607800000, 0x0000000607c00000|  0%| F|  |TAMS 0x0000000607800000| PB 0x0000000607800000| Untracked 
|  17|0x0000000607c00000, 0x0000000607c00000, 0x0000000608000000|  0%| F|  |TAMS 0x0000000607c00000| PB 0x0000000607c00000| Untracked 
|  18|0x0000000608000000, 0x0000000608000000, 0x0000000608400000|  0%| F|  |TAMS 0x0000000608000000| PB 0x0000000608000000| Untracked 
|  19|0x0000000608400000, 0x0000000608400000, 0x0000000608800000|  0%| F|  |TAMS 0x0000000608400000| PB 0x0000000608400000| Untracked 
|  20|0x0000000608800000, 0x0000000608800000, 0x0000000608c00000|  0%| F|  |TAMS 0x0000000608800000| PB 0x0000000608800000| Untracked 
|  21|0x0000000608c00000, 0x0000000608c00000, 0x0000000609000000|  0%| F|  |TAMS 0x0000000608c00000| PB 0x0000000608c00000| Untracked 
|  22|0x0000000609000000, 0x0000000609324000, 0x0000000609400000| 78%| E|  |TAMS 0x0000000609000000| PB 0x0000000609000000| Complete 
|  23|0x0000000609400000, 0x0000000609800000, 0x0000000609800000|100%| E|CS|TAMS 0x0000000609400000| PB 0x0000000609400000| Complete 
|  24|0x0000000609800000, 0x0000000609c00000, 0x0000000609c00000|100%| E|CS|TAMS 0x0000000609800000| PB 0x0000000609800000| Complete 
|  25|0x0000000609c00000, 0x000000060a000000, 0x000000060a000000|100%| E|CS|TAMS 0x0000000609c00000| PB 0x0000000609c00000| Complete 
|  26|0x000000060a000000, 0x000000060a400000, 0x000000060a400000|100%| E|CS|TAMS 0x000000060a000000| PB 0x000000060a000000| Complete 

Card table byte_map: [0x000001befee70000,0x000001beffe60000] _byte_map_base: 0x000001befbe54000

Marking Bits: (CMBitMap*) 0x000001bef9cebca0
 Bits: [0x000001be83000000, 0x000001be8af20000)

Polling page: 0x000001bef7830000

Metaspace:

Usage:
  Non-class:     45.76 MB used.
      Class:      6.75 MB used.
       Both:     52.51 MB used.

Virtual space:
  Non-class space:       64.00 MB reserved,      46.19 MB ( 72%) committed,  1 nodes.
      Class space:        1.00 GB reserved,       7.12 MB ( <1%) committed,  1 nodes.
             Both:        1.06 GB reserved,      53.31 MB (  5%) committed. 

Chunk freelists:
   Non-Class:  1.01 MB
       Class:  8.91 MB
        Both:  9.93 MB

MaxMetaspaceSize: unlimited
CompressedClassSpaceSize: 1.00 GB
Initial GC threshold: 21.00 MB
Current GC threshold: 88.25 MB
CDS: on
 - commit_granule_bytes: 65536.
 - commit_granule_words: 8192.
 - virtual_space_node_default_size: 8388608.
 - enlarge_chunks_in_place: 1.
 - use_allocation_guard: 0.


Internal statistics:

num_allocs_failed_limit: 3.
num_arena_births: 2178.
num_arena_deaths: 1036.
num_vsnodes_births: 2.
num_vsnodes_deaths: 0.
num_space_committed: 851.
num_space_uncommitted: 0.
num_chunks_returned_to_freelist: 1270.
num_chunks_taken_from_freelist: 4760.
num_chunk_merges: 278.
num_chunk_splits: 2577.
num_chunks_enlarged: 1555.
num_inconsistent_stats: 0.

CodeCache: size=49152Kb used=16804Kb max_used=18816Kb free=32347Kb
 bounds [0x000001be80000000, 0x000001be812d0000, 0x000001be83000000]
 total_blobs=8948 nmethods=8281 adapters=590
 compilation: enabled
              stopped_count=0, restarted_count=0
 full_count=0

Compilation events (20 events):
Event: 2696.324 Thread 0x000001bed652bc60 10141       1       java.rmi.server.UID::write (31 bytes)
Event: 2696.324 Thread 0x000001bed426cf00 10142       1       java.io.ObjectOutputStream$BlockDataOutputStream::writeBlockHeader (70 bytes)
Event: 2696.324 Thread 0x000001bed652bc60 nmethod 10141 0x000001be80723410 code [0x000001be807235e0, 0x000001be80723758]
Event: 2696.325 Thread 0x000001bed426cf00 nmethod 10142 0x000001be80722d10 code [0x000001be80722ee0, 0x000001be80723180]
Event: 2696.527 Thread 0x000001be8e1d1430 10143       1       java.rmi.server.UID::read (34 bytes)
Event: 2696.527 Thread 0x000001bed652bc60 10144       1       java.rmi.server.UID::<init> (21 bytes)
Event: 2696.527 Thread 0x000001bed4275230 10145   !   1       sun.rmi.transport.ObjectTable::getTarget (26 bytes)
Event: 2696.527 Thread 0x000001bed652bc60 nmethod 10144 0x000001be80a2dd90 code [0x000001be80a2df20, 0x000001be80a2dff0]
Event: 2696.527 Thread 0x000001be8e1d1430 nmethod 10143 0x000001be80722890 code [0x000001be80722a60, 0x000001be80722c20]
Event: 2696.527 Thread 0x000001bed4275230 nmethod 10145 0x000001be80722290 code [0x000001be80722460, 0x000001be807226c8]
Event: 2696.935 Thread 0x000001bed426cf00 10146       1       java.io.ObjectInputStream$BlockDataInputStream::read (9 bytes)
Event: 2696.935 Thread 0x000001bed426cf00 nmethod 10146 0x000001be80e3f510 code [0x000001be80e3f6c0, 0x000001be80e3f7d8]
Event: 2702.688 Thread 0x000001bed426cf00 10147       1       java.lang.StackTraceElement::getMethodName (5 bytes)
Event: 2702.688 Thread 0x000001be8e1d1430 10148   !   1       java.util.logging.LogManager::initializeGlobalHandlers (92 bytes)
Event: 2702.688 Thread 0x000001bed426cf00 nmethod 10147 0x000001be80a39910 code [0x000001be80a39aa0, 0x000001be80a39b70]
Event: 2702.689 Thread 0x000001be8e1d1430 nmethod 10148 0x000001be80721410 code [0x000001be80721680, 0x000001be80721da0]
Event: 2702.690 Thread 0x000001be8e1d1430 10149       1       java.lang.invoke.BoundMethodHandle$Species_LL::copyWith (24 bytes)
Event: 2702.690 Thread 0x000001be8e1d1430 nmethod 10149 0x000001be80720f90 code [0x000001be80721160, 0x000001be807212f8]
Event: 2702.691 Thread 0x000001be8e1d1430 10150   !   1       jdk.proxy2.$Proxy24::annotationType (29 bytes)
Event: 2702.691 Thread 0x000001be8e1d1430 nmethod 10150 0x000001be80720990 code [0x000001be80720b60, 0x000001be80720dd0]

GC Heap History (20 events):
Event: 259.141 GC heap before
{Heap before GC invocations=23 (full 3):
 garbage-first heap   total 81920K, used 60335K [0x0000000603800000, 0x0000000800000000)
  region size 4096K, 11 young (45056K), 2 survivors (8192K)
 Metaspace       used 51904K, committed 52992K, reserved 1114112K
  class space    used 6611K, committed 7104K, reserved 1048576K
}
Event: 259.143 GC heap after
{Heap after GC invocations=24 (full 3):
 garbage-first heap   total 81920K, used 24847K [0x0000000603800000, 0x0000000800000000)
  region size 4096K, 1 young (4096K), 1 survivors (4096K)
 Metaspace       used 51904K, committed 52992K, reserved 1114112K
  class space    used 6611K, committed 7104K, reserved 1048576K
}
Event: 259.315 GC heap before
{Heap before GC invocations=24 (full 3):
 garbage-first heap   total 81920K, used 61711K [0x0000000603800000, 0x0000000800000000)
  region size 4096K, 10 young (40960K), 1 survivors (4096K)
 Metaspace       used 52062K, committed 52992K, reserved 1114112K
  class space    used 6649K, committed 7104K, reserved 1048576K
}
Event: 259.317 GC heap after
{Heap after GC invocations=25 (full 3):
 garbage-first heap   total 81920K, used 27624K [0x0000000603800000, 0x0000000800000000)
  region size 4096K, 2 young (8192K), 2 survivors (8192K)
 Metaspace       used 52062K, committed 52992K, reserved 1114112K
  class space    used 6649K, committed 7104K, reserved 1048576K
}
Event: 678.110 GC heap before
{Heap before GC invocations=25 (full 3):
 garbage-first heap   total 81920K, used 56296K [0x0000000603800000, 0x0000000800000000)
  region size 4096K, 9 young (36864K), 2 survivors (8192K)
 Metaspace       used 52099K, committed 52992K, reserved 1114112K
  class space    used 6655K, committed 7104K, reserved 1048576K
}
Event: 678.117 GC heap after
{Heap after GC invocations=26 (full 3):
 garbage-first heap   total 81920K, used 28019K [0x0000000603800000, 0x0000000800000000)
  region size 4096K, 1 young (4096K), 1 survivors (4096K)
 Metaspace       used 52099K, committed 52992K, reserved 1114112K
  class space    used 6655K, committed 7104K, reserved 1048576K
}
Event: 1597.964 GC heap before
{Heap before GC invocations=26 (full 3):
 garbage-first heap   total 81920K, used 64883K [0x0000000603800000, 0x0000000800000000)
  region size 4096K, 10 young (40960K), 1 survivors (4096K)
 Metaspace       used 52099K, committed 52992K, reserved 1114112K
  class space    used 6655K, committed 7104K, reserved 1048576K
}
Event: 1597.967 GC heap after
{Heap after GC invocations=27 (full 3):
 garbage-first heap   total 81920K, used 27089K [0x0000000603800000, 0x0000000800000000)
  region size 4096K, 1 young (4096K), 1 survivors (4096K)
 Metaspace       used 52099K, committed 52992K, reserved 1114112K
  class space    used 6655K, committed 7104K, reserved 1048576K
}
Event: 2085.352 GC heap before
{Heap before GC invocations=27 (full 3):
 garbage-first heap   total 81920K, used 63953K [0x0000000603800000, 0x0000000800000000)
  region size 4096K, 10 young (40960K), 1 survivors (4096K)
 Metaspace       used 52782K, committed 53632K, reserved 1114112K
  class space    used 6789K, committed 7168K, reserved 1048576K
}
Event: 2085.360 GC heap after
{Heap after GC invocations=28 (full 3):
 garbage-first heap   total 81920K, used 28594K [0x0000000603800000, 0x0000000800000000)
  region size 4096K, 1 young (4096K), 1 survivors (4096K)
 Metaspace       used 52782K, committed 53632K, reserved 1114112K
  class space    used 6789K, committed 7168K, reserved 1048576K
}
Event: 2128.764 GC heap before
{Heap before GC invocations=28 (full 3):
 garbage-first heap   total 81920K, used 32690K [0x0000000603800000, 0x0000000800000000)
  region size 4096K, 3 young (12288K), 1 survivors (4096K)
 Metaspace       used 52882K, committed 53760K, reserved 1114112K
  class space    used 6811K, committed 7232K, reserved 1048576K
}
Event: 2128.766 GC heap after
{Heap after GC invocations=29 (full 3):
 garbage-first heap   total 81920K, used 28634K [0x0000000603800000, 0x0000000800000000)
  region size 4096K, 1 young (4096K), 1 survivors (4096K)
 Metaspace       used 52882K, committed 53760K, reserved 1114112K
  class space    used 6811K, committed 7232K, reserved 1048576K
}
Event: 2694.955 GC heap before
{Heap before GC invocations=30 (full 3):
 garbage-first heap   total 81920K, used 65498K [0x0000000603800000, 0x0000000800000000)
  region size 4096K, 10 young (40960K), 1 survivors (4096K)
 Metaspace       used 53411K, committed 54208K, reserved 1114112K
  class space    used 6873K, committed 7232K, reserved 1048576K
}
Event: 2694.958 GC heap after
{Heap after GC invocations=31 (full 3):
 garbage-first heap   total 303104K, used 27260K [0x0000000603800000, 0x0000000800000000)
  region size 4096K, 1 young (4096K), 1 survivors (4096K)
 Metaspace       used 53411K, committed 54208K, reserved 1114112K
  class space    used 6873K, committed 7232K, reserved 1048576K
}
Event: 2694.966 GC heap before
{Heap before GC invocations=31 (full 3):
 garbage-first heap   total 303104K, used 27260K [0x0000000603800000, 0x0000000800000000)
  region size 4096K, 2 young (8192K), 1 survivors (4096K)
 Metaspace       used 53414K, committed 54208K, reserved 1114112K
  class space    used 6874K, committed 7232K, reserved 1048576K
}
Event: 2694.986 GC heap after
{Heap after GC invocations=32 (full 4):
 garbage-first heap   total 110592K, used 19363K [0x0000000603800000, 0x0000000800000000)
  region size 4096K, 0 young (0K), 0 survivors (0K)
 Metaspace       used 53117K, committed 54208K, reserved 1114112K
  class space    used 6802K, committed 7232K, reserved 1048576K
}
Event: 2695.634 GC heap before
{Heap before GC invocations=32 (full 4):
 garbage-first heap   total 110592K, used 80803K [0x0000000603800000, 0x0000000800000000)
  region size 4096K, 16 young (65536K), 0 survivors (0K)
 Metaspace       used 53390K, committed 54208K, reserved 1114112K
  class space    used 6848K, committed 7232K, reserved 1048576K
}
Event: 2695.636 GC heap after
{Heap after GC invocations=33 (full 4):
 garbage-first heap   total 110592K, used 24924K [0x0000000603800000, 0x0000000800000000)
  region size 4096K, 2 young (8192K), 2 survivors (8192K)
 Metaspace       used 53390K, committed 54208K, reserved 1114112K
  class space    used 6848K, committed 7232K, reserved 1048576K
}
Event: 2695.855 GC heap before
{Heap before GC invocations=33 (full 4):
 garbage-first heap   total 110592K, used 74076K [0x0000000603800000, 0x0000000800000000)
  region size 4096K, 15 young (61440K), 2 survivors (8192K)
 Metaspace       used 53622K, committed 54400K, reserved 1114112K
  class space    used 6887K, committed 7232K, reserved 1048576K
}
Event: 2695.857 GC heap after
{Heap after GC invocations=34 (full 4):
 garbage-first heap   total 110592K, used 28260K [0x0000000603800000, 0x0000000800000000)
  region size 4096K, 1 young (4096K), 1 survivors (4096K)
 Metaspace       used 53622K, committed 54400K, reserved 1114112K
  class space    used 6887K, committed 7232K, reserved 1048576K
}

Dll operation events (12 events):
Event: 0.005 Loaded shared library C:\h\Dev_util\sts-4.28.1.RELEASE\plugins\org.eclipse.justj.openjdk.hotspot.jre.full.win32.x86_64_21.0.6.v20250130-0529\jre\bin\java.dll
Event: 0.020 Loaded shared library C:\h\Dev_util\sts-4.28.1.RELEASE\plugins\org.eclipse.justj.openjdk.hotspot.jre.full.win32.x86_64_21.0.6.v20250130-0529\jre\bin\zip.dll
Event: 0.106 Loaded shared library C:\h\Dev_util\sts-4.28.1.RELEASE\plugins\org.eclipse.justj.openjdk.hotspot.jre.full.win32.x86_64_21.0.6.v20250130-0529\jre\bin\instrument.dll
Event: 0.109 Loaded shared library C:\h\Dev_util\sts-4.28.1.RELEASE\plugins\org.eclipse.justj.openjdk.hotspot.jre.full.win32.x86_64_21.0.6.v20250130-0529\jre\bin\net.dll
Event: 0.110 Loaded shared library C:\h\Dev_util\sts-4.28.1.RELEASE\plugins\org.eclipse.justj.openjdk.hotspot.jre.full.win32.x86_64_21.0.6.v20250130-0529\jre\bin\nio.dll
Event: 0.113 Loaded shared library C:\h\Dev_util\sts-4.28.1.RELEASE\plugins\org.eclipse.justj.openjdk.hotspot.jre.full.win32.x86_64_21.0.6.v20250130-0529\jre\bin\zip.dll
Event: 0.190 Loaded shared library C:\h\Dev_util\sts-4.28.1.RELEASE\plugins\org.eclipse.justj.openjdk.hotspot.jre.full.win32.x86_64_21.0.6.v20250130-0529\jre\bin\jimage.dll
Event: 0.213 Loaded shared library C:\h\Dev_util\sts-4.28.1.RELEASE\plugins\org.eclipse.justj.openjdk.hotspot.jre.full.win32.x86_64_21.0.6.v20250130-0529\jre\bin\management.dll
Event: 0.220 Loaded shared library C:\h\Dev_util\sts-4.28.1.RELEASE\plugins\org.eclipse.justj.openjdk.hotspot.jre.full.win32.x86_64_21.0.6.v20250130-0529\jre\bin\management_ext.dll
Event: 0.330 Loaded shared library C:\h\Dev_util\sts-4.28.1.RELEASE\plugins\org.eclipse.justj.openjdk.hotspot.jre.full.win32.x86_64_21.0.6.v20250130-0529\jre\bin\extnet.dll
Event: 0.347 Loaded shared library C:\h\Dev_util\sts-4.28.1.RELEASE\plugins\org.eclipse.justj.openjdk.hotspot.jre.full.win32.x86_64_21.0.6.v20250130-0529\jre\bin\verify.dll
Event: 0.958 Loaded shared library C:\h\Dev_util\sts-4.28.1.RELEASE\plugins\org.eclipse.justj.openjdk.hotspot.jre.full.win32.x86_64_21.0.6.v20250130-0529\jre\bin\sunmscapi.dll

Deoptimization events (20 events):
Event: 2702.691 Thread 0x000001bed6392ba0 DEOPT PACKING pc=0x000001be808ac2f4 sp=0x00000092b23fb340
Event: 2702.691 Thread 0x000001bed6392ba0 DEOPT UNPACKING pc=0x000001be80054e42 sp=0x00000092b23fa8f0 mode 1
Event: 2702.691 Thread 0x000001bed6392ba0 DEOPT PACKING pc=0x000001be808ae7ac sp=0x00000092b23fb4b0
Event: 2702.691 Thread 0x000001bed6392ba0 DEOPT UNPACKING pc=0x000001be80054e42 sp=0x00000092b23faa70 mode 1
Event: 2702.692 Thread 0x000001bed6392ba0 DEOPT PACKING pc=0x000001be808b296c sp=0x00000092b23f9160
Event: 2702.692 Thread 0x000001bed6392ba0 DEOPT UNPACKING pc=0x000001be80054e42 sp=0x00000092b23f8698 mode 1
Event: 2702.692 Thread 0x000001bed6392ba0 DEOPT PACKING pc=0x000001be808ac2f4 sp=0x00000092b23f9250
Event: 2702.692 Thread 0x000001bed6392ba0 DEOPT UNPACKING pc=0x000001be80054e42 sp=0x00000092b23f8800 mode 1
Event: 2702.692 Thread 0x000001bed6392ba0 DEOPT PACKING pc=0x000001be808ae7ac sp=0x00000092b23f93c0
Event: 2702.692 Thread 0x000001bed6392ba0 DEOPT UNPACKING pc=0x000001be80054e42 sp=0x00000092b23f8980 mode 1
Event: 2702.692 Thread 0x000001bed6392ba0 DEOPT PACKING pc=0x000001be807e05bc sp=0x00000092b23f9f60
Event: 2702.692 Thread 0x000001bed6392ba0 DEOPT UNPACKING pc=0x000001be80054e42 sp=0x00000092b23f94b8 mode 1
Event: 2702.692 Thread 0x000001bed6392ba0 DEOPT PACKING pc=0x000001be808cd88c sp=0x00000092b23fa070
Event: 2702.692 Thread 0x000001bed6392ba0 DEOPT UNPACKING pc=0x000001be80054e42 sp=0x00000092b23f9530 mode 1
Event: 2702.692 Thread 0x000001bed6392ba0 DEOPT PACKING pc=0x000001be807e05bc sp=0x00000092b23f9f60
Event: 2702.692 Thread 0x000001bed6392ba0 DEOPT UNPACKING pc=0x000001be80054e42 sp=0x00000092b23f94b8 mode 1
Event: 2702.692 Thread 0x000001bed6392ba0 DEOPT PACKING pc=0x000001be808cd88c sp=0x00000092b23fa070
Event: 2702.692 Thread 0x000001bed6392ba0 DEOPT UNPACKING pc=0x000001be80054e42 sp=0x00000092b23f9530 mode 1
Event: 2725.694 Thread 0x000001bed6392ba0 DEOPT PACKING pc=0x000001be80f536bc sp=0x00000092b23fa740
Event: 2725.694 Thread 0x000001bed6392ba0 DEOPT UNPACKING pc=0x000001be80054e42 sp=0x00000092b23f9be8 mode 0

Classes loaded (20 events):
Event: 14.647 Loading class java/util/stream/LongStream
Event: 14.647 Loading class java/util/stream/LongStream done
Event: 14.647 Loading class java/util/stream/DoubleStream
Event: 14.647 Loading class java/util/stream/DoubleStream done
Event: 259.134 Loading class java/time/DurationEditor
Event: 259.134 Loading class java/time/DurationEditor done
Event: 2065.167 Loading class java/io/FileOutputStream$1
Event: 2065.167 Loading class java/io/FileOutputStream$1 done
Event: 2123.490 Loading class sun/nio/fs/WindowsChannelFactory$2
Event: 2123.490 Loading class sun/nio/fs/WindowsChannelFactory$2 done
Event: 2123.490 Loading class sun/nio/ch/ChannelOutputStream
Event: 2123.490 Loading class sun/nio/ch/ChannelOutputStream done
Event: 2128.743 Loading class java/lang/invoke/BoundMethodHandle$Species_LLLLLLLLLL
Event: 2128.744 Loading class java/lang/invoke/BoundMethodHandle$Species_LLLLLLLLLL done
Event: 2128.744 Loading class java/lang/invoke/BoundMethodHandle$Species_LLLLLLLLLLL
Event: 2128.744 Loading class java/lang/invoke/BoundMethodHandle$Species_LLLLLLLLLLL done
Event: 2645.432 Loading class java/io/PushbackInputStream
Event: 2645.433 Loading class java/io/PushbackInputStream done
Event: 2695.685 Loading class java/time/DurationEditor
Event: 2695.685 Loading class java/time/DurationEditor done

Classes unloaded (20 events):
Event: 2694.969 Thread 0x000001be8b105650 Unloading class 0x000001be903a3800 'java/lang/invoke/LambdaForm$MH+0x000001be903a3800'
Event: 2694.969 Thread 0x000001be8b105650 Unloading class 0x000001be903a5400 'java/lang/invoke/LambdaForm$MH+0x000001be903a5400'
Event: 2694.969 Thread 0x000001be8b105650 Unloading class 0x000001be903a5c00 'java/lang/invoke/LambdaForm$MH+0x000001be903a5c00'
Event: 2694.969 Thread 0x000001be8b105650 Unloading class 0x000001be903acc00 'java/lang/invoke/LambdaForm$MH+0x000001be903acc00'
Event: 2694.969 Thread 0x000001be8b105650 Unloading class 0x000001be903ae000 'java/lang/invoke/LambdaForm$MH+0x000001be903ae000'
Event: 2694.969 Thread 0x000001be8b105650 Unloading class 0x000001be903dcc00 'java/lang/invoke/LambdaForm$MH+0x000001be903dcc00'
Event: 2694.969 Thread 0x000001be8b105650 Unloading class 0x000001be903f8400 'java/lang/invoke/LambdaForm$MH+0x000001be903f8400'
Event: 2694.969 Thread 0x000001be8b105650 Unloading class 0x000001be903f8c00 'java/lang/invoke/LambdaForm$MH+0x000001be903f8c00'
Event: 2694.969 Thread 0x000001be8b105650 Unloading class 0x000001be90414800 'java/lang/invoke/LambdaForm$MH+0x000001be90414800'
Event: 2694.969 Thread 0x000001be8b105650 Unloading class 0x000001be905ac800 'java/lang/invoke/LambdaForm$MH+0x000001be905ac800'
Event: 2694.969 Thread 0x000001be8b105650 Unloading class 0x000001be905ad400 'java/lang/invoke/LambdaForm$MH+0x000001be905ad400'
Event: 2694.969 Thread 0x000001be8b105650 Unloading class 0x000001be905d9000 'java/lang/invoke/LambdaForm$DMH+0x000001be905d9000'
Event: 2694.969 Thread 0x000001be8b105650 Unloading class 0x000001be905d9800 'java/lang/invoke/LambdaForm$MH+0x000001be905d9800'
Event: 2694.969 Thread 0x000001be8b105650 Unloading class 0x000001be905e1400 'java/lang/invoke/LambdaForm$MH+0x000001be905e1400'
Event: 2694.969 Thread 0x000001be8b105650 Unloading class 0x000001be90602400 'java/lang/invoke/LambdaForm$MH+0x000001be90602400'
Event: 2694.969 Thread 0x000001be8b105650 Unloading class 0x000001be90603800 'java/lang/invoke/LambdaForm$MH+0x000001be90603800'
Event: 2694.969 Thread 0x000001be8b105650 Unloading class 0x000001be90609000 'java/lang/invoke/LambdaForm$MH+0x000001be90609000'
Event: 2694.969 Thread 0x000001be8b105650 Unloading class 0x000001be9060b800 'java/lang/invoke/LambdaForm$MH+0x000001be9060b800'
Event: 2694.969 Thread 0x000001be8b105650 Unloading class 0x000001be90626000 'java/lang/invoke/LambdaForm$MH+0x000001be90626000'
Event: 2694.969 Thread 0x000001be8b105650 Unloading class 0x000001be90142800 'jdk/internal/reflect/GeneratedSerializationConstructorAccessor9'

Classes redefined (12 events):
Event: 9.101 Thread 0x000001be8b105650 redefined class name=com.toy.backend.service.BoardServiceImpl, count=1
Event: 48.359 Thread 0x000001be8b105650 redefined class name=com.toy.backend.mapper.BoardMapper, count=1
Event: 48.359 Thread 0x000001be8b105650 redefined class name=com.toy.backend.mapper.BoardMapper, count=1
Event: 2693.399 Thread 0x000001be8b105650 redefined class name=com.toy.backend.controller.BoardController, count=1
Event: 2693.399 Thread 0x000001be8b105650 redefined class name=com.toy.backend.controller.BoardController, count=1
Event: 2693.399 Thread 0x000001be8b105650 redefined class name=com.toy.backend.controller.BoardController, count=1
Event: 2693.399 Thread 0x000001be8b105650 redefined class name=com.toy.backend.controller.BoardController, count=1
Event: 2725.706 Thread 0x000001be8b105650 redefined class name=com.toy.backend.controller.BoardController, count=2
Event: 2725.706 Thread 0x000001be8b105650 redefined class name=com.toy.backend.controller.BoardController, count=1
Event: 2725.706 Thread 0x000001be8b105650 redefined class name=com.toy.backend.controller.BoardController, count=2
Event: 2725.706 Thread 0x000001be8b105650 redefined class name=com.toy.backend.controller.BoardController, count=2
Event: 2725.706 Thread 0x000001be8b105650 redefined class name=com.toy.backend.controller.BoardController, count=2

Internal exceptions (20 events):
Event: 2128.744 Thread 0x000001bed63945e0 Exception <a 'java/lang/NoSuchMethodError'{0x00000006087bf830}: 'java.lang.Object java.lang.invoke.DirectMethodHandle$Holder.invokeStatic(java.lang.Object, java.lang.Object, java.lang.Object, java.lang.Object, java.lang.Object, java.lang.Object, java.lang.Object, java.lang.Object, java.lang.Object, java.lang.Object, java.lang.Object, java.lang.Object, java.lang.Object)'> (0x00000006087bf830) 
thrown [s\src\hotspot\share\interpreter\linkResolver.cpp, line 773]
Event: 2128.745 Thread 0x000001bed63945e0 Exception <a 'java/lang/NoSuchMethodError'{0x00000006087dfc20}: 'java.lang.Object java.lang.invoke.DirectMethodHandle$Holder.invokeStatic(java.lang.Object, java.lang.Object, java.lang.Object, java.lang.Object, java.lang.Object, java.lang.Object, java.lang.Object, java.lang.Object, java.lang.Object, java.lang.Object, java.lang.Object, java.lang.Object, java.lang.Object, java.lang.Object)'> (0x00000006087dfc20) 
thrown [s\src\hotspot\share\interpreter\linkResolver.cpp, line 773]
Event: 2128.745 Thread 0x000001bed63945e0 Exception <a 'java/lang/NoSuchMethodError'{0x00000006087ee910}: 'java.lang.Object java.lang.invoke.Invokers$Holder.linkToTargetMethod(java.lang.Object, java.lang.Object, java.lang.Object, java.lang.Object, java.lang.Object, java.lang.Object, java.lang.Object, java.lang.Object, java.lang.Object, java.lang.Object, java.lang.Object, java.lang.Object, java.lang.Object, java.lang.Object)'> (0x00000006087ee910) 
thrown [s\src\hotspot\share\interpreter\linkResolver.cpp, line 773]
Event: 2137.014 Thread 0x000001bed6393f50 Exception <a 'java/lang/NoSuchMethodError'{0x0000000608641850}: 'int java.lang.invoke.DelegatingMethodHandle$Holder.reinvoke_L(java.lang.Object, java.lang.Object, java.lang.Object, java.lang.Object)'> (0x0000000608641850) 
thrown [s\src\hotspot\share\interpreter\linkResolver.cpp, line 773]
Event: 2360.409 Thread 0x000001bed49d4e40 Exception <a 'java/lang/NoSuchMethodError'{0x00000006076c0a38}: static [B.<clinit>()V> (0x00000006076c0a38) 
thrown [s\src\hotspot\share\prims\jni.cpp, line 1111]
Event: 2694.965 Thread 0x000001bed6390ad0 Exception <a 'java/lang/InterruptedException'{0x0000000615c732f8}: sleep interrupted> (0x0000000615c732f8) 
thrown [s\src\hotspot\share\prims\jvm.cpp, line 3074]
Event: 2694.995 Thread 0x000001bed6391e80 Exception <a 'sun/nio/fs/WindowsException'{0x000000060a0d6a28}> (0x000000060a0d6a28) 
thrown [s\src\hotspot\share\prims\jni.cpp, line 520]
Event: 2695.236 Thread 0x000001bed6391e80 Exception <a 'java/lang/NoSuchMethodError'{0x00000006083270d0}: 'void java.lang.invoke.DelegatingMethodHandle$Holder.reinvoke_L(java.lang.Object, java.lang.Object, int)'> (0x00000006083270d0) 
thrown [s\src\hotspot\share\interpreter\linkResolver.cpp, line 773]
Event: 2695.250 Thread 0x000001bed6391e80 Exception <a 'java/lang/NoClassDefFoundError'{0x0000000607d10f58}: org/flywaydb/core/Flyway> (0x0000000607d10f58) 
thrown [s\src\hotspot\share\oops\constantPool.cpp, line 873]
Event: 2695.524 Thread 0x000001bed6391e80 Exception <a 'java/lang/NoClassDefFoundError'{0x0000000607d115b8}: liquibase/integration/spring/SpringLiquibase> (0x0000000607d115b8) 
thrown [s\src\hotspot\share\oops\constantPool.cpp, line 873]
Event: 2695.525 Thread 0x000001bed6391e80 Exception <a 'java/lang/NoClassDefFoundError'{0x0000000607d30588}: org/springframework/batch/core/repository/JobRepository> (0x0000000607d30588) 
thrown [s\src\hotspot\share\oops\constantPool.cpp, line 873]
Event: 2695.525 Thread 0x000001bed6391e80 Exception <a 'java/lang/NoClassDefFoundError'{0x0000000607d30be0}: org/quartz/Scheduler> (0x0000000607d30be0) 
thrown [s\src\hotspot\share\oops\constantPool.cpp, line 873]
Event: 2695.526 Thread 0x000001bed6391e80 Exception <a 'java/lang/NoClassDefFoundError'{0x0000000607d31260}: org/springframework/session/jdbc/JdbcIndexedSessionRepository> (0x0000000607d31260) 
thrown [s\src\hotspot\share\oops\constantPool.cpp, line 873]
Event: 2695.528 Thread 0x000001bed6391e80 Exception <a 'java/lang/NoClassDefFoundError'{0x0000000607d9c740}: org/jooq/DSLContext> (0x0000000607d9c740) 
thrown [s\src\hotspot\share\oops\constantPool.cpp, line 873]
Event: 2695.528 Thread 0x000001bed6391e80 Exception <a 'java/lang/NoClassDefFoundError'{0x0000000607d9e018}: jakarta/persistence/EntityManagerFactory> (0x0000000607d9e018) 
thrown [s\src\hotspot\share\oops\constantPool.cpp, line 873]
Event: 2695.573 Thread 0x000001bed6391e80 Exception <a 'java/lang/NoSuchMethodError'{0x00000006070328f8}: 'int java.lang.invoke.DirectMethodHandle$Holder.invokeVirtual(java.lang.Object, java.lang.Object, java.lang.Object, java.lang.Object)'> (0x00000006070328f8) 
thrown [s\src\hotspot\share\interpreter\linkResolver.cpp, line 773]
Event: 2695.574 Thread 0x000001bed6391e80 Exception <a 'java/lang/NoSuchMethodError'{0x0000000607035ef0}: 'int java.lang.invoke.DelegatingMethodHandle$Holder.reinvoke_L(java.lang.Object, java.lang.Object, java.lang.Object, java.lang.Object)'> (0x0000000607035ef0) 
thrown [s\src\hotspot\share\interpreter\linkResolver.cpp, line 773]
Event: 2695.581 Thread 0x000001bed6391e80 Exception <a 'java/io/FileNotFoundException'{0x00000006070cf610}> (0x00000006070cf610) 
thrown [s\src\hotspot\share\prims\jni.cpp, line 520]
Event: 2695.600 Thread 0x000001bed6391e80 Exception <a 'java/io/FileNotFoundException'{0x00000006073d8fc8}> (0x00000006073d8fc8) 
thrown [s\src\hotspot\share\prims\jni.cpp, line 520]
Event: 2695.918 Thread 0x000001bed6391e80 Exception <a 'java/lang/NoSuchMethodError'{0x00000006097ee2f8}: static [B.<clinit>()V> (0x00000006097ee2f8) 
thrown [s\src\hotspot\share\prims\jni.cpp, line 1111]

ZGC Phase Switch (0 events):
No events

VM Operations (20 events):
Event: 2725.653 Executing VM operation: get/set locals
Event: 2725.653 Executing VM operation: get/set locals done
Event: 2725.694 Executing VM operation: ChangeSingleStep
Event: 2725.694 Executing VM operation: ChangeSingleStep done
Event: 2725.694 Executing VM operation: ChangeSingleStep
Event: 2725.694 Executing VM operation: ChangeSingleStep done
Event: 2725.701 Executing VM operation: RedefineClasses
Event: 2725.713 Executing VM operation: RedefineClasses done
Event: 2725.725 Executing VM operation: ChangeBreakpoints
Event: 2725.726 Executing VM operation: ChangeBreakpoints done
Event: 2725.728 Executing VM operation: ChangeBreakpoints
Event: 2725.730 Executing VM operation: ChangeBreakpoints done
Event: 2725.731 Executing VM operation: ChangeBreakpoints
Event: 2725.733 Executing VM operation: ChangeBreakpoints done
Event: 2725.735 Executing VM operation: ChangeBreakpoints
Event: 2725.737 Executing VM operation: ChangeBreakpoints done
Event: 2725.739 Executing VM operation: ChangeBreakpoints
Event: 2725.740 Executing VM operation: ChangeBreakpoints done
Event: 2725.743 Executing VM operation: ChangeSingleStep
Event: 2725.743 Executing VM operation: ChangeSingleStep done

Memory protections (0 events):
No events

Nmethod flushes (20 events):
Event: 2694.975 Thread 0x000001be8b105650 flushing  nmethod 0x000001be80dff690
Event: 2694.975 Thread 0x000001be8b105650 flushing  nmethod 0x000001be80e01f10
Event: 2694.975 Thread 0x000001be8b105650 flushing  nmethod 0x000001be80e07310
Event: 2694.975 Thread 0x000001be8b105650 flushing  nmethod 0x000001be80e07710
Event: 2694.975 Thread 0x000001be8b105650 flushing  nmethod 0x000001be80e08f10
Event: 2694.975 Thread 0x000001be8b105650 flushing  nmethod 0x000001be80e1d790
Event: 2694.975 Thread 0x000001be8b105650 flushing  nmethod 0x000001be80e30c90
Event: 2694.975 Thread 0x000001be8b105650 flushing  nmethod 0x000001be80ebbe90
Event: 2694.975 Thread 0x000001be8b105650 flushing  nmethod 0x000001be80ebc210
Event: 2694.975 Thread 0x000001be8b105650 flushing osr nmethod 0x000001be80f07a90
Event: 2694.975 Thread 0x000001be8b105650 flushing  nmethod 0x000001be80f09f90
Event: 2694.975 Thread 0x000001be8b105650 flushing  nmethod 0x000001be80f0ba10
Event: 2694.975 Thread 0x000001be8b105650 flushing  nmethod 0x000001be80f20790
Event: 2694.975 Thread 0x000001be8b105650 flushing  nmethod 0x000001be80f20b90
Event: 2694.975 Thread 0x000001be8b105650 flushing  nmethod 0x000001be80f21010
Event: 2694.975 Thread 0x000001be8b105650 flushing  nmethod 0x000001be80f22510
Event: 2694.975 Thread 0x000001be8b105650 flushing  nmethod 0x000001be80f23e10
Event: 2694.975 Thread 0x000001be8b105650 flushing  nmethod 0x000001be80f32f90
Event: 2694.975 Thread 0x000001be8b105650 flushing  nmethod 0x000001be80f40010
Event: 2694.975 Thread 0x000001be8b105650 flushing  nmethod 0x000001be80f41690

Events (20 events):
Event: 2695.909 Thread 0x000001bed6391e80 Thread added: 0x000001bed6395300
Event: 2695.909 Thread 0x000001bed6391e80 Thread added: 0x000001bed63938c0
Event: 2695.909 Thread 0x000001bed6391e80 Thread added: 0x000001bed6396020
Event: 2695.910 Thread 0x000001bed6391e80 Thread added: 0x000001bed63966b0
Event: 2695.910 Thread 0x000001bed6391e80 Thread added: 0x000001bed6393f50
Event: 2695.913 Thread 0x000001bed446f160 Thread added: 0x000001bed6394c70
Event: 2695.915 Thread 0x000001bed6391e80 Thread exited: 0x000001bed6391e80
Event: 2695.915 Thread 0x000001bed49d3a90 Thread exited: 0x000001bed49d3a90
Event: 2695.916 Thread 0x000001bed4467df0 Thread added: 0x000001bed6391e80
Event: 2695.916 Thread 0x000001bed4467df0 Thread added: 0x000001bed49d3a90
Event: 2695.917 Thread 0x000001bed49d3a90 Thread added: 0x000001bed49d2050
Event: 2695.918 Thread 0x000001bed49d3a90 Thread added: 0x000001bed49d2d70
Event: 2695.920 Thread 0x000001bed49d2050 Thread exited: 0x000001bed49d2050
Event: 2695.920 Thread 0x000001bed6391e80 Thread added: 0x000001bed49d4120
Event: 2695.921 Thread 0x000001bed49d4120 Thread exited: 0x000001bed49d4120
Event: 2696.935 Thread 0x000001bed49d2d70 Thread exited: 0x000001bed49d2d70
Event: 2701.937 Thread 0x000001bed652bc60 Thread exited: 0x000001bed652bc60
Event: 2702.688 Thread 0x000001bed4275230 Thread exited: 0x000001bed4275230
Event: 2704.418 Thread 0x000001bed49d19c0 Thread exited: 0x000001bed49d19c0
Event: 2707.698 Thread 0x000001bed426cf00 Thread exited: 0x000001bed426cf00


Dynamic libraries:
0x00007ff7a5470000 - 0x00007ff7a547e000 	C:\h\Dev_util\sts-4.28.1.RELEASE\plugins\org.eclipse.justj.openjdk.hotspot.jre.full.win32.x86_64_21.0.6.v20250130-0529\jre\bin\javaw.exe
0x00007ffbe3f40000 - 0x00007ffbe41a3000 	C:\WINDOWS\SYSTEM32\ntdll.dll
0x00007ffbe2e10000 - 0x00007ffbe2ed7000 	C:\WINDOWS\System32\KERNEL32.DLL
0x00007ffbe1400000 - 0x00007ffbe17c9000 	C:\WINDOWS\System32\KERNELBASE.dll
0x00007ffbe1a90000 - 0x00007ffbe1bdc000 	C:\WINDOWS\System32\ucrtbase.dll
0x00007ffbb1920000 - 0x00007ffbb193e000 	C:\h\Dev_util\sts-4.28.1.RELEASE\plugins\org.eclipse.justj.openjdk.hotspot.jre.full.win32.x86_64_21.0.6.v20250130-0529\jre\bin\VCRUNTIME140.dll
0x00007ffbd23a0000 - 0x00007ffbd23b8000 	C:\h\Dev_util\sts-4.28.1.RELEASE\plugins\org.eclipse.justj.openjdk.hotspot.jre.full.win32.x86_64_21.0.6.v20250130-0529\jre\bin\jli.dll
0x00007ffbe2400000 - 0x00007ffbe25ca000 	C:\WINDOWS\System32\USER32.dll
0x00007ffbe1140000 - 0x00007ffbe1167000 	C:\WINDOWS\System32\win32u.dll
0x00007ffbd6fc0000 - 0x00007ffbd7250000 	C:\WINDOWS\WinSxS\amd64_microsoft.windows.common-controls_6595b64144ccf1df_6.0.26100.3323_none_3e088096e3344490\COMCTL32.dll
0x00007ffbe3220000 - 0x00007ffbe324a000 	C:\WINDOWS\System32\GDI32.dll
0x00007ffbe2d60000 - 0x00007ffbe2e09000 	C:\WINDOWS\System32\msvcrt.dll
0x00007ffbe1170000 - 0x00007ffbe12a1000 	C:\WINDOWS\System32\gdi32full.dll
0x00007ffbe1870000 - 0x00007ffbe1913000 	C:\WINDOWS\System32\msvcp_win.dll
0x00007ffbe2ee0000 - 0x00007ffbe2f0f000 	C:\WINDOWS\System32\IMM32.DLL
0x00007ffbd20b0000 - 0x00007ffbd20bc000 	C:\h\Dev_util\sts-4.28.1.RELEASE\plugins\org.eclipse.justj.openjdk.hotspot.jre.full.win32.x86_64_21.0.6.v20250130-0529\jre\bin\vcruntime140_1.dll
0x00007ffbacf80000 - 0x00007ffbad00d000 	C:\h\Dev_util\sts-4.28.1.RELEASE\plugins\org.eclipse.justj.openjdk.hotspot.jre.full.win32.x86_64_21.0.6.v20250130-0529\jre\bin\msvcp140.dll
0x00007ffb8da10000 - 0x00007ffb8e7a0000 	C:\h\Dev_util\sts-4.28.1.RELEASE\plugins\org.eclipse.justj.openjdk.hotspot.jre.full.win32.x86_64_21.0.6.v20250130-0529\jre\bin\server\jvm.dll
0x00007ffbe3e40000 - 0x00007ffbe3ef2000 	C:\WINDOWS\System32\ADVAPI32.dll
0x00007ffbe3a00000 - 0x00007ffbe3aa6000 	C:\WINDOWS\System32\sechost.dll
0x00007ffbe3d20000 - 0x00007ffbe3e36000 	C:\WINDOWS\System32\RPCRT4.dll
0x00007ffbe2380000 - 0x00007ffbe23f4000 	C:\WINDOWS\System32\WS2_32.dll
0x00007ffbdfd90000 - 0x00007ffbdfdde000 	C:\WINDOWS\SYSTEM32\POWRPROF.dll
0x00007ffbd6090000 - 0x00007ffbd609b000 	C:\WINDOWS\SYSTEM32\VERSION.dll
0x00007ffbc0730000 - 0x00007ffbc0766000 	C:\WINDOWS\SYSTEM32\WINMM.dll
0x00007ffbdfd70000 - 0x00007ffbdfd84000 	C:\WINDOWS\SYSTEM32\UMPDC.dll
0x00007ffbe0030000 - 0x00007ffbe004a000 	C:\WINDOWS\SYSTEM32\kernel.appcore.dll
0x00007ffbdd0a0000 - 0x00007ffbdd0aa000 	C:\h\Dev_util\sts-4.28.1.RELEASE\plugins\org.eclipse.justj.openjdk.hotspot.jre.full.win32.x86_64_21.0.6.v20250130-0529\jre\bin\jimage.dll
0x00007ffbd5430000 - 0x00007ffbd5671000 	C:\WINDOWS\SYSTEM32\DBGHELP.DLL
0x00007ffbe25d0000 - 0x00007ffbe2952000 	C:\WINDOWS\System32\combase.dll
0x00007ffbe30c0000 - 0x00007ffbe3196000 	C:\WINDOWS\System32\OLEAUT32.dll
0x00007ffbd5240000 - 0x00007ffbd5279000 	C:\WINDOWS\SYSTEM32\dbgcore.DLL
0x00007ffbe17d0000 - 0x00007ffbe1869000 	C:\WINDOWS\System32\bcryptPrimitives.dll
0x00007ffbc6710000 - 0x00007ffbc674c000 	C:\h\Dev_util\sts-4.28.1.RELEASE\plugins\org.eclipse.justj.openjdk.hotspot.jre.full.win32.x86_64_21.0.6.v20250130-0529\jre\bin\jdwp.dll
0x00007ffbdd000000 - 0x00007ffbdd00f000 	C:\h\Dev_util\sts-4.28.1.RELEASE\plugins\org.eclipse.justj.openjdk.hotspot.jre.full.win32.x86_64_21.0.6.v20250130-0529\jre\bin\instrument.dll
0x00007ffbd23c0000 - 0x00007ffbd23df000 	C:\h\Dev_util\sts-4.28.1.RELEASE\plugins\org.eclipse.justj.openjdk.hotspot.jre.full.win32.x86_64_21.0.6.v20250130-0529\jre\bin\java.dll
0x00007ffbe32a0000 - 0x00007ffbe39b5000 	C:\WINDOWS\System32\SHELL32.dll
0x00007ffbe1920000 - 0x00007ffbe1a88000 	C:\WINDOWS\System32\wintypes.dll
0x00007ffbdee20000 - 0x00007ffbdf665000 	C:\WINDOWS\SYSTEM32\windows.storage.dll
0x00007ffbe3ab0000 - 0x00007ffbe3b9b000 	C:\WINDOWS\System32\SHCORE.dll
0x00007ffbe31a0000 - 0x00007ffbe31fd000 	C:\WINDOWS\System32\shlwapi.dll
0x00007ffbe1050000 - 0x00007ffbe107f000 	C:\WINDOWS\SYSTEM32\profapi.dll
0x00007ffbd2380000 - 0x00007ffbd2398000 	C:\h\Dev_util\sts-4.28.1.RELEASE\plugins\org.eclipse.justj.openjdk.hotspot.jre.full.win32.x86_64_21.0.6.v20250130-0529\jre\bin\zip.dll
0x00007ffbd9530000 - 0x00007ffbd953b000 	C:\h\Dev_util\sts-4.28.1.RELEASE\plugins\org.eclipse.justj.openjdk.hotspot.jre.full.win32.x86_64_21.0.6.v20250130-0529\jre\bin\dt_socket.dll
0x00007ffbdfa20000 - 0x00007ffbdfa53000 	C:\WINDOWS\SYSTEM32\IPHLPAPI.DLL
0x00007ffbe0530000 - 0x00007ffbe059a000 	C:\WINDOWS\system32\mswsock.dll
0x00007ffbdfac0000 - 0x00007ffbdfbe5000 	C:\WINDOWS\SYSTEM32\DNSAPI.dll
0x00007ffbe1d60000 - 0x00007ffbe1d6a000 	C:\WINDOWS\System32\NSI.dll
0x00007ffbd92d0000 - 0x00007ffbd92db000 	C:\Windows\System32\rasadhlp.dll
0x00007ffbd9bf0000 - 0x00007ffbd9c75000 	C:\WINDOWS\System32\fwpuclnt.dll
0x00007ffbd2370000 - 0x00007ffbd2380000 	C:\h\Dev_util\sts-4.28.1.RELEASE\plugins\org.eclipse.justj.openjdk.hotspot.jre.full.win32.x86_64_21.0.6.v20250130-0529\jre\bin\net.dll
0x00007ffbdc6f0000 - 0x00007ffbdc80e000 	C:\WINDOWS\SYSTEM32\WINHTTP.dll
0x00007ffbd2350000 - 0x00007ffbd2366000 	C:\h\Dev_util\sts-4.28.1.RELEASE\plugins\org.eclipse.justj.openjdk.hotspot.jre.full.win32.x86_64_21.0.6.v20250130-0529\jre\bin\nio.dll
0x00007ffbdcfd0000 - 0x00007ffbdcfda000 	C:\h\Dev_util\sts-4.28.1.RELEASE\plugins\org.eclipse.justj.openjdk.hotspot.jre.full.win32.x86_64_21.0.6.v20250130-0529\jre\bin\management.dll
0x00007ffbda6f0000 - 0x00007ffbda6fb000 	C:\h\Dev_util\sts-4.28.1.RELEASE\plugins\org.eclipse.justj.openjdk.hotspot.jre.full.win32.x86_64_21.0.6.v20250130-0529\jre\bin\management_ext.dll
0x00007ffbe39c0000 - 0x00007ffbe39c8000 	C:\WINDOWS\System32\PSAPI.DLL
0x00007ffb9bcc0000 - 0x00007ffb9bcd8000 	C:\WINDOWS\system32\napinsp.dll
0x00007ffb9bca0000 - 0x00007ffb9bcb2000 	C:\WINDOWS\System32\winrnr.dll
0x00007ffb9bc70000 - 0x00007ffb9bc92000 	C:\WINDOWS\system32\nlansp_c.dll
0x00007ffbda120000 - 0x00007ffbda136000 	C:\WINDOWS\system32\wshbth.dll
0x00007ffbe08e0000 - 0x00007ffbe08fc000 	C:\WINDOWS\SYSTEM32\CRYPTSP.dll
0x00007ffbdff90000 - 0x00007ffbdffca000 	C:\WINDOWS\system32\rsaenh.dll
0x00007ffbe05d0000 - 0x00007ffbe05fb000 	C:\WINDOWS\SYSTEM32\USERENV.dll
0x00007ffbe0a70000 - 0x00007ffbe0a96000 	C:\WINDOWS\SYSTEM32\bcrypt.dll
0x00007ffbe0760000 - 0x00007ffbe076c000 	C:\WINDOWS\SYSTEM32\CRYPTBASE.dll
0x00007ffbd1350000 - 0x00007ffbd1359000 	C:\h\Dev_util\sts-4.28.1.RELEASE\plugins\org.eclipse.justj.openjdk.hotspot.jre.full.win32.x86_64_21.0.6.v20250130-0529\jre\bin\extnet.dll
0x00007ffbd2340000 - 0x00007ffbd2350000 	C:\h\Dev_util\sts-4.28.1.RELEASE\plugins\org.eclipse.justj.openjdk.hotspot.jre.full.win32.x86_64_21.0.6.v20250130-0529\jre\bin\verify.dll
0x00007ffbd20c0000 - 0x00007ffbd20ce000 	C:\h\Dev_util\sts-4.28.1.RELEASE\plugins\org.eclipse.justj.openjdk.hotspot.jre.full.win32.x86_64_21.0.6.v20250130-0529\jre\bin\sunmscapi.dll
0x00007ffbe1be0000 - 0x00007ffbe1d57000 	C:\WINDOWS\System32\CRYPT32.dll
0x00007ffbe0a30000 - 0x00007ffbe0a60000 	C:\WINDOWS\SYSTEM32\ncrypt.dll
0x00007ffbe09e0000 - 0x00007ffbe0a1f000 	C:\WINDOWS\SYSTEM32\NTASN1.dll
0x00007ffb94dc0000 - 0x00007ffb94dc8000 	C:\WINDOWS\system32\wshunix.dll

dbghelp: loaded successfully - version: 4.0.5 - missing functions: none
symbol engine: initialized successfully - sym options: 0x614 - pdb path: .;C:\h\Dev_util\sts-4.28.1.RELEASE\plugins\org.eclipse.justj.openjdk.hotspot.jre.full.win32.x86_64_21.0.6.v20250130-0529\jre\bin;C:\WINDOWS\SYSTEM32;C:\WINDOWS\WinSxS\amd64_microsoft.windows.common-controls_6595b64144ccf1df_6.0.26100.3323_none_3e088096e3344490;C:\h\Dev_util\sts-4.28.1.RELEASE\plugins\org.eclipse.justj.openjdk.hotspot.jre.full.win32.x86_64_21.0.6.v20250130-0529\jre\bin\server

VM Arguments:
jvm_args: -XX:+ShowCodeDetailsInExceptionMessages -agentlib:jdwp=transport=dt_socket,suspend=y,address=localhost:51763 -Dcom.sun.management.jmxremote -Dcom.sun.management.jmxremote.port=51762 -Dcom.sun.management.jmxremote.authenticate=false -Dcom.sun.management.jmxremote.ssl=false -Djava.rmi.server.hostname=localhost -Dspring.jmx.enabled=true -Dmanagement.endpoints.jmx.exposure.include=* -Dspring.application.admin.enabled=true -Dspring.output.ansi.enabled=always -XX:TieredStopAtLevel=1 -Dspring.boot.project.name=back-end -javaagent:C:\h\Dev_util\sts-4.28.1.RELEASE\configuration\org.eclipse.osgi\275\0\.cp\lib\javaagent-shaded.jar -Dfile.encoding=UTF-8 -Dstdout.encoding=UTF-8 -Dstderr.encoding=UTF-8 
java_command: com.toy.backend.BackEndApplication
java_class_path (initial): C:\h\myApp\back-end\bin\main;C:\Users\\.gradle\caches\modules-2\files-2.1\org.projectlombok\lombok\1.18.36\5a30490a6e14977d97d9c73c924c1f1b5311ea95\lombok-1.18.36.jar;C:\Users\\.gradle\caches\modules-2\files-2.1\org.springframework.boot\spring-boot-starter-security\3.4.2\b3102ed745b5e71f61bb5174c6a12275f0154dbb\spring-boot-starter-security-3.4.2.jar;C:\Users\\.gradle\caches\modules-2\files-2.1\org.springframework.boot\spring-boot-starter-web\3.4.2\cf1c8efe77dccf221acf5f0ce9cc24c718c0ca44\spring-boot-starter-web-3.4.2.jar;C:\Users\\.gradle\caches\modules-2\files-2.1\com.github.pagehelper\pagehelper-spring-boot-starter\2.1.0\1128c8afe4036f925d9fb4ccb633efbe832bc043\pagehelper-spring-boot-starter-2.1.0.jar;C:\Users\\.gradle\caches\modules-2\files-2.1\org.mybatis.spring.boot\mybatis-spring-boot-starter\3.0.4\2a56c4aa1f81aaef9abb0105f72702a737517d9a\mybatis-spring-boot-starter-3.0.4.jar;C:\Users\\.gradle\caches\modules-2\files-2.1\org.springframework.boot\spring-boot-configuration-processor\3.4.2\4f9e3e0c959aaf5fb24fd885f9ce201d8643f0dc\spring-boot-configuration-processor-3.4.2.jar;C:\Users\\.gradle\caches\modules-2\files-2.1\io.jsonwebtoken\jjwt-api\0.12.6\478886a888f6add04937baf0361144504a024967\jjwt-api-0.12.6.jar;C:\Users\\.gradle\caches\modules-2\files-2.1\org.springdoc\springdoc-openapi-starter-webmvc-ui\2.7.0\4426174e7fa7428a1c5f2edbd352c89e3e6b9794\springdoc-openapi-starter-webmvc-ui-2.7.0.jar;C:\Users\\.gradle\caches\modules-2\files-2.1\org.springframework.boot\spring-boot-starter-json\3.4.2\e413d51228ddaf6a9644533987faa0ae6e18fe47\spring-boot-starter-json-3.4.2.jar;C:\Users\\.gradle\caches\modules-2\files-2.1\org.springframework.boot\spring-boot-starter-jdbc\3.4.2\a3698cab03ba6daaaa38c16df1b36c862e9e3e4b\spring-boot-starter-jdbc-3.4.2.jar;C:\Users\\.gradle\caches\modules-2\files-2.1\org.springframework.boot\spring-boot-starter\3.4.2\9d914208449fce99a67d3def60957cdcc98b552a\spring-boot-starter-3.4.2.jar;C:\Users\\.gradle\caches\modules-2\files-2.1\org.springframework.security\spring-security-config\6.4.2\5ed985329eb14b1c61045160c8dcbbcab179ddd3\spring-security-config-6.4.2.jar;C:\Users\\.gradle\caches\modules-2\files-2.1\org.springframework.security\spring-security-web\6.4.2\733a3bbbdca56225676fb7f4e3f317c2075fc383\spring-security-web-6.4.2.jar;C:\Users\\.gradle\caches\modules-2\files-2.1\org.springdoc\springdoc-openapi-starter-webmvc-api\2.7.0\37d5234d1fd470918775569ebe240e18c367340f\springdoc-openapi-starter-webmvc-api-2.7.0.jar;C:\Users\\.gradle\caches\modules-2\files-2.1\org.springframework\spring-webmvc\6.2.2\9b1aeb179ba9667bc78a4a5cec4ec8087db404d7\spring-webmvc-6.2.2.jar;C:\Users\\.gradle\caches\modules-2\files-2.1\org.springframework.security\spring-security-core\6.4.2\51302b2af3f01eb79fdc7164a4cc3a3aa7e3b541\spring-security-core-6.4.2.jar;C:\Users\\.gradle\caches\modules-2\files-2.1\org.mybatis.spring.boot\mybatis-spring-boot-autoconfigure\3.0.4\27c887cbd92c780e7d8baaf30d9dc5b5d5f0c03\mybatis-spring-boot-autoconfigure-3.0.4.jar;C:\Users\\.gradle\caches\modules-2\files-2.1\com.github.pagehelper\pagehelper-spring-boot-autoconfigure\2.1.0\dd09c7e093d29d4f1f0829e05872b32db5b5fb62\pagehelper-spring-boot-autoconfigure-2.1.0.jar;C:\Users\\.gradle\caches\modules-2\files-2.1\org.springdoc\springdoc-openapi-starter-common\2.7.0\bba119cebeab38aa8ba9a506d76bd611407348c1\springdoc-openapi-starter-common-2.7.0.jar;C:\Users\\.gradle\caches\modules-2\files-2.1\org.springframework.boot\spring-boot-autoconfigure\3.4.2\c50511dba751ffe7df320d27c6875feb2745654e\spring-boot-autoconfigure-3.4.2.jar;C:\Users\\.gradle\caches\modules-2\files-2.1\org.springframework.boot\spring-boot\3.4.2\b2514201ba6b838bd638a51619515501c5baefea\spring-boot-3.4.2.jar;C:\Users\\.gradle\caches\modules-2\files-2.1\org.springframework\spring-context\6.2.2\aa01a7faa3694983339ca7e45619860ef34052d6\spring-context-6.2.2.jar;C:\Users\\.gradle\caches\modules-2\files-2.1\org.springframework\spring-aop\6.2.2\2a1a445d4cd8e5fe2311df04fc25c0bc54bd2ce4\spring-aop-6.2.2.jar;C:\Users\\.gradle\caches\modules-2\files-2.1\org.springframework.boot\spring-boot-starter-tomcat\3.4.2\aa345bdd83adc80db5bc6ac4a711460396ad17ef\spring-boot-starter-tomcat-3.4.2.jar;C:\Users\\.gradle\caches\modules-2\files-2.1\org.springframework\spring-web\6.2.2\bd2ef98bf98b6ecf8dd29106ae27b7515524c21\spring-web-6.2.2.jar;C:\Users\\.gradle\caches\modules-2\files-2.1\org.mybatis\mybatis\3.5.17\b210805d7d67ab8c564efebbeae5ed648c5bc925\mybatis-3.5.17.jar;C:\Users\\.gradle\caches\modules-2\files-2.1\org.mybatis\mybatis-spring\3.0.4\8a1250161c6b5c15103c1f51d6a1ad8307af4418\mybatis-spring-3.0.4.jar;C:\Users\\.gradle\caches\modules-2\files-2.1\org.webjars\swagger-ui\5.18.2\368118833fc82beedbc17783972c836aa22e0872\swagger-ui-5.18.2.jar;C:\Users\\.gradle\caches\modules-2\files-2.1\org.webjars\webjars-locator-lite\1.0.1\b4389136604123d4fe4199cc29b94a33206996bc\webjars-locator-lite-1.0.1.jar;C:\Users\\.gradle\caches\modules-2\files-2.1\com.github.pagehelper\pagehelper\6.1.0\5af558bdcbcbe7f1a7a806270423fcc1ac4999b7\pagehelper-6.1.0.jar;C:\Users\\.gradle\caches\modules-2\files-2.1\org.springframework.boot\spring-boot-starter-logging\3.4.2\be7631ab8d3cb2a6a3c9981dcaa6d0867c964772\spring-boot-starter-logging-3.4.2.jar;C:\Users\\.gradle\caches\modules-2\files-2.1\jakarta.annotation\jakarta.annotation-api\2.1.1\48b9bda22b091b1f48b13af03fe36db3be6e1ae3\jakarta.annotation-api-2.1.1.jar;C:\Users\\.gradle\caches\modules-2\files-2.1\org.springframework\spring-jdbc\6.2.2\840572e748c1dfe7122e19a10888918e5ecfb631\spring-jdbc-6.2.2.jar;C:\Users\\.gradle\caches\modules-2\files-2.1\org.springframework\spring-tx\6.2.2\91a2e378d0e457b9c500f2b30aaf8a7a422ba522\spring-tx-6.2.2.jar;C:\Users\\.gradle\caches\modules-2\files-2.1\org.springframework\spring-beans\6.2.2\ec8ee520ff7b147de8ac04d330848d468253f84d\spring-beans-6.2.2.jar;C:\Users\\.gradle\caches\modules-2\files-2.1\org.springframework\spring-expression\6.2.2\20164dd3a70d0048185cf02bb1b097b22e73d820\spring-expression-6.2.2.jar;C:\Users\\.gradle\caches\modules-2\files-2.1\org.springframework\spring-core\6.2.2\94269e888dc979e75a1a1b9600d7153d72e6a7f1\spring-core-6.2.2.jar;C:\Users\\.gradle\caches\modules-2\files-2.1\io.swagger.core.v3\swagger-core-jakarta\2.2.25\83eceb1d4af30f9131b0e0c607b83b2c921c2525\swagger-core-jakarta-2.2.25.jar;C:\Users\\.gradle\caches\modules-2\files-2.1\com.fasterxml.jackson.datatype\jackson-datatype-jdk8\2.18.2\9ed6d538ebcc66864e114a7040953dce6ab6ea53\jackson-datatype-jdk8-2.18.2.jar;C:\Users\\.gradle\caches\modules-2\files-2.1\com.fasterxml.jackson.datatype\jackson-datatype-jsr310\2.18.2\7b6ff96adf421f4c6edbd694e797dd8fe434510a\jackson-datatype-jsr310-2.18.2.jar;C:\Users\\.gradle\caches\modules-2\files-2.1\com.fasterxml.jackson.module\jackson-module-parameter-names\2.18.2\72960cb3277347a748911d100c3302d60e8a616a\jackson-module-parameter-names-2.18.2.jar;C:\Users\\.gradle\caches\modules-2\files-2.1\com.fasterxml.jackson.core\jackson-databind\2.18.2\deef8697b92141fb6caf7aa86966cff4eec9b04f\jackson-databind-2.18.2.jar;C:\Users\\.gradle\caches\modules-2\files-2.1\io.swagger.core.v3\swagger-models-jakarta\2.2.25\abfe0fce84b0d8d8371f52405816a30cdba64493\swagger-models-jakarta-2.2.25.jar;C:\Users\\.gradle\caches\modules-2\files-2.1\com.fasterxml.jackson.core\jackson-annotations\2.18.2\985d77751ebc7fce5db115a986bc9aa82f973f4a\jackson-annotations-2.18.2.jar;C:\Users\\.gradle\caches\modules-2\files-2.1\com.fasterxml.jackson.core\jackson-core\2.18.2\fb64ccac5c27dca8819418eb4e443a9f496d9ee7\jackson-core-2.18.2.jar;C:\Users\\.gradle\caches\modules-2\files-2.1\com.fasterxml.jackson.dataformat\jackson-dataformat-yaml\2.18.2\d000e13505d1cf564371516fa3d5b8769a779dc9\jackson-dataformat-yaml-2.18.2.jar;C:\Users\\.gradle\caches\modules-2\files-2.1\org.yaml\snakeyaml\2.3\936b36210e27320f920536f695cf1af210c44586\snakeyaml-2.3.jar;C:\Users\\.gradle\caches\modules-2\files-2.1\org.apache.tomcat.embed\tomcat-embed-websocket\10.1.34\eef6d430f34b6e393b8d9e40f10db9043732b4e5\tomcat-embed-websocket-10.1.34.jar;C:\Users\\.gradle\caches\modules-2\files-2.1\org.apache.tomcat.embed\tomcat-embed-core\10.1.34\f610f84be607fbc82e393cc220f0ad45f92afc91\tomcat-embed-core-10.1.34.jar;C:\Users\\.gradle\caches\modules-2\files-2.1\org.apache.tomcat.embed\tomcat-embed-el\10.1.34\d2b2daca3bc999c62e58ae36b45ba0582530fb25\tomcat-embed-el-10.1.34.jar;C:\Users\\.gradle\caches\modules-2\files-2.1\io.micrometer\micrometer-observation\1.14.3\cd66186a1fe8465dc732d9514bade1104044b56d\micrometer-observation-1.14.3.jar;C:\Users\\.gradle\caches\modules-2\files-2.1\com.zaxxer\HikariCP\5.1.0\8c96e36c14461fc436bb02b264b96ef3ca5dca8c\HikariCP-5.1.0.jar;C:\Users\\.gradle\caches\modules-2\files-2.1\org.jspecify\jspecify\1.0.0\7425a601c1c7ec76645a78d22b8c6a627edee507\jspecify-1.0.0.jar;C:\Users\\.gradle\caches\modules-2\files-2.1\com.github.jsqlparser\jsqlparser\4.7\d72bfbf49dbea50253f20e2ed59e70759a72cb0a\jsqlparser-4.7.jar;C:\Users\\.gradle\caches\modules-2\files-2.1\ch.qos.logback\logback-classic\1.5.16\113979db51dfad6dc895b34460d7b7ff64ffe7d2\logback-classic-1.5.16.jar;C:\Users\\.gradle\caches\modules-2\files-2.1\org.apache.logging.log4j\log4j-to-slf4j\2.24.3\da1143e2a2531ee1c2d90baa98eb50a28a39d5a7\log4j-to-slf4j-2.24.3.jar;C:\Users\\.gradle\caches\modules-2\files-2.1\org.slf4j\jul-to-slf4j\2.0.16\6d57da3e961daac65bcca0dd3def6cd11e48a24a\jul-to-slf4j-2.0.16.jar;C:\Users\\.gradle\caches\modules-2\files-2.1\org.springframework\spring-jcl\6.2.2\1fbbb0b2e85c6eac7c366c5eed5b124785f05ac8\spring-jcl-6.2.2.jar;C:\Users\\.gradle\caches\modules-2\files-2.1\org.springframework.security\spring-security-crypto\6.4.2\a4d5bf27ca449200fc39e07de6ae016eb1ad21da\spring-security-crypto-6.4.2.jar;C:\Users\\.gradle\caches\modules-2\files-2.1\io.micrometer\micrometer-commons\1.14.3\bf17f05dd6343d36ecc31076197a962cfdf46131\micrometer-commons-1.14.3.jar;C:\Users\\.gradle\caches\modules-2\files-2.1\org.slf4j\slf4j-api\2.0.16\172931663a09a1fa515567af5fbef00897d3c04\slf4j-api-2.0.16.jar;C:\Users\\.gradle\caches\modules-2\files-2.1\ch.qos.logback\logback-core\1.5.16\4f17700f046900aea2fadf115e2d67fec921f7fd\logback-core-1.5.16.jar;C:\Users\\.gradle\caches\modules-2\files-2.1\org.apache.logging.log4j\log4j-api\2.24.3\b02c125db8b6d295adf72ae6e71af5d83bce2370\log4j-api-2.24.3.jar;C:\Users\\.gradle\caches\modules-2\files-2.1\org.apache.commons\commons-lang3\3.17.0\b17d2136f0460dcc0d2016ceefca8723bdf4ee70\commons-lang3-3.17.0.jar;C:\Users\\.gradle\caches\modules-2\files-2.1\io.swagger.core.v3\swagger-annotations-jakarta\2.2.25\6d8682e3c878769b2658397dacbd2474602487dc\swagger-annotations-jakarta-2.2.25.jar;C:\Users\\.gradle\caches\modules-2\files-2.1\jakarta.xml.bind\jakarta.xml.bind-api\4.0.2\6cd5a999b834b63238005b7144136379dc36cad2\jakarta.xml.bind-api-4.0.2.jar;C:\Users\\.gradle\caches\modules-2\files-2.1\jakarta.validation\jakarta.validation-api\3.0.2\92b6631659ba35ca09e44874d3eb936edfeee532\jakarta.validation-api-3.0.2.jar;C:\Users\\.gradle\caches\modules-2\files-2.1\jakarta.activation\jakarta.activation-api\2.1.3\fa165bd70cda600368eee31555222776a46b881f\jakarta.activation-api-2.1.3.jar;C:\Users\\.gradle\caches\modules-2\files-2.1\org.springframework.boot\spring-boot-devtools\3.4.2\726c2343705fba19b13ee2bd98997e386408260f\spring-boot-devtools-3.4.2.jar;C:\Users\\.gradle\caches\modules-2\files-2.1\io.jsonwebtoken\jjwt-impl\0.12.6\ac23673a84b6089e0369fb8ab2c69edd91cd6eb0\jjwt-impl-0.12.6.jar;C:\Users\\.gradle\caches\modules-2\files-2.1\io.jsonwebtoken\jjwt-jackson\0.12.6\f141e0c1136ba17f2632858238a31ae05642dbf8\jjwt-jackson-0.12.6.jar;C:\Users\\.gradle\caches\modules-2\files-2.1\org.postgresql\postgresql\42.7.5\747897987b86c741fb8b56f6b81929ae1e6e4b46\postgresql-42.7.5.jar;C:\Users\\.gradle\caches\modules-2\files-2.1\org.checkerframework\checker-qual\3.48.3\c48effe7d78de3cf5e8a98c614281ec6a2466a77\checker-qual-3.48.3.jar
Launcher Type: SUN_STANDARD

[Global flags]
     intx CICompilerCount                          = 12                                        {product} {ergonomic}
     uint ConcGCThreads                            = 4                                         {product} {ergonomic}
     uint G1ConcRefinementThreads                  = 15                                        {product} {ergonomic}
   size_t G1HeapRegionSize                         = 4194304                                   {product} {ergonomic}
    uintx GCDrainStackTargetSize                   = 64                                        {product} {ergonomic}
   size_t InitialHeapSize                          = 536870912                                 {product} {ergonomic}
     bool ManagementServer                         = true                                      {product} {command line}
   size_t MarkStackSize                            = 4194304                                   {product} {ergonomic}
   size_t MaxHeapSize                              = 8531214336                                {product} {ergonomic}
   size_t MaxNewSize                               = 5117050880                                {product} {ergonomic}
   size_t MinHeapDeltaBytes                        = 4194304                                   {product} {ergonomic}
   size_t MinHeapSize                              = 8388608                                   {product} {ergonomic}
    uintx NonNMethodCodeHeapSize                   = 4096                                   {pd product} {ergonomic}
    uintx NonProfiledCodeHeapSize                  = 0                                      {pd product} {ergonomic}
     bool ProfileInterpreter                       = false                                  {pd product} {command line}
    uintx ProfiledCodeHeapSize                     = 0                                      {pd product} {ergonomic}
     bool ShowCodeDetailsInExceptionMessages       = true                                   {manageable} {command line}
   size_t SoftMaxHeapSize                          = 8531214336                             {manageable} {ergonomic}
     intx TieredStopAtLevel                        = 1                                         {product} {command line}
     bool UseCompressedOops                        = true                           {product lp64_product} {ergonomic}
     bool UseG1GC                                  = true                                      {product} {ergonomic}
     bool UseLargePagesIndividualAllocation        = false                                  {pd product} {ergonomic}

Logging:
Log output configuration:
 #0: stdout all=warning uptime,level,tags foldmultilines=false
 #1: stderr all=off uptime,level,tags foldmultilines=false

Environment Variables:
PATH=C:\h\Dev_util\sts-4.28.1.RELEASE\plugins\org.eclipse.justj.openjdk.hotspot.jre.full.win32.x86_64_21.0.6.v20250130-0529\jre\bin;C:/h/Dev_util/sts-4.28.1.RELEASE//plugins/org.eclipse.justj.openjdk.hotspot.jre.full.win32.x86_64_21.0.6.v20250130-0529/jre/bin/server;C:/h/Dev_util/sts-4.28.1.RELEASE//plugins/org.eclipse.justj.openjdk.hotspot.jre.full.win32.x86_64_21.0.6.v20250130-0529/jre/bin;C:\Program Files\Common Files\Oracle\Java\javapath;C:\WINDOWS\system32;C:\WINDOWS;C:\WINDOWS\System32\Wbem;C:\WINDOWS\System32\WindowsPowerShell\v1.0\;C:\WINDOWS\System32\OpenSSH\;C:\Program Files\Bandizip\;C:\Program Files\dotnet\;C:\Program Files\nodejs\;C:\ProgramData\chocolatey\bin;C:\Users\\AppData\Local\Microsoft\WindowsApps;C:\Users\\AppData\Roaming\npm;C:\h\Microsoft VS Code\bin;C:\Users\\AppData\Local\gitkraken\bin;C:\Users\\AppData\Local\Microsoft\WindowsApps;C:\h\Dev_util\Microsoft VS Code\bin;C:\h\Dev_util\sts-4.28.1.RELEASE;
USERNAME=admin
OS=Windows_NT
PROCESSOR_IDENTIFIER=Intel64 Family 6 Model 151 Stepping 2, GenuineIntel
TMP=C:\Users\~1\AppData\Local\Temp
TEMP=C:\Users\~1\AppData\Local\Temp




Periodic native trim disabled

---------------  S Y S T E M  ---------------

OS:
 Windows 11 , 64 bit Build 26100 (10.0.26100.3323)
OS uptime: 1 days 23:13 hours
Hyper-V role detected

CPU: total 20 (initial active 20) (10 cores per cpu, 2 threads per core) family 6 model 151 stepping 2 microcode 0x2e, cx8, cmov, fxsr, ht, mmx, 3dnowpref, sse, sse2, sse3, ssse3, sse4.1, sse4.2, popcnt, lzcnt, tsc, tscinvbit, avx, avx2, aes, erms, clmul, bmi1, bmi2, adx, sha, fma, vzeroupper, clflush, clflushopt, clwb, hv, serialize, rdtscp, rdpid, fsrm, f16c, cet_ibt, cet_ss
Processor Information for the first 20 processors :
  Max Mhz: 2100, Current Mhz: 2100, Mhz Limit: 2100

Memory: 4k page, system-wide physical 32535M (12208M free)
TotalPageFile size 67351M (AvailPageFile size 42108M)
current process WorkingSet (physical memory assigned to process): 264M, peak: 292M
current process commit charge ("private bytes"): 312M, peak: 653M

vm_info: OpenJDK 64-Bit Server VM (21.0.6+7-LTS) for windows-amd64 JRE (21.0.6+7-LTS), built on 2025-01-21T00:00:00Z by "admin" with MS VC++ 17.7 (VS2022)

END.
